{"/Users/naveed/Downloads/Capstone/siemens-game/backend/LambdaFunctionAPIs/GetAllItems/src/index.mjs": {"path":"/Users/naveed/Downloads/Capstone/siemens-game/backend/LambdaFunctionAPIs/GetAllItems/src/index.mjs","statementMap":{"0":{"start":{"line":3,"column":20},"end":{"line":12,"column":1}},"1":{"start":{"line":4,"column":4},"end":{"line":11,"column":5}},"2":{"start":{"line":5,"column":23},"end":{"line":5,"column":64}},"3":{"start":{"line":6,"column":8},"end":{"line":6,"column":59}},"4":{"start":{"line":7,"column":8},"end":{"line":7,"column":27}},"5":{"start":{"line":9,"column":8},"end":{"line":9,"column":63}},"6":{"start":{"line":10,"column":8},"end":{"line":10,"column":18}},"7":{"start":{"line":14,"column":23},"end":{"line":41,"column":1}},"8":{"start":{"line":17,"column":4},"end":{"line":40,"column":5}},"9":{"start":{"line":18,"column":23},"end":{"line":18,"column":51}},"10":{"start":{"line":19,"column":8},"end":{"line":19,"column":38}},"11":{"start":{"line":21,"column":8},"end":{"line":21,"column":40}},"12":{"start":{"line":22,"column":8},"end":{"line":22,"column":31}},"13":{"start":{"line":23,"column":8},"end":{"line":23,"column":46}},"14":{"start":{"line":25,"column":22},"end":{"line":25,"column":47}},"15":{"start":{"line":26,"column":8},"end":{"line":29,"column":10}},"16":{"start":{"line":31,"column":8},"end":{"line":31,"column":59}},"17":{"start":{"line":32,"column":8},"end":{"line":35,"column":10}},"18":{"start":{"line":37,"column":8},"end":{"line":39,"column":9}},"19":{"start":{"line":38,"column":12},"end":{"line":38,"column":31}}},"fnMap":{"0":{"name":"(anonymous_0)","decl":{"start":{"line":3,"column":20},"end":{"line":3,"column":21}},"loc":{"start":{"line":3,"column":38},"end":{"line":12,"column":1}},"line":3},"1":{"name":"(anonymous_1)","decl":{"start":{"line":14,"column":23},"end":{"line":14,"column":24}},"loc":{"start":{"line":14,"column":40},"end":{"line":41,"column":1}},"line":14}},"branchMap":{"0":{"loc":{"start":{"line":37,"column":8},"end":{"line":39,"column":9}},"type":"if","locations":[{"start":{"line":37,"column":8},"end":{"line":39,"column":9}},{"start":{},"end":{}}],"line":37}},"s":{"0":1,"1":1,"2":1,"3":1,"4":1,"5":0,"6":0,"7":1,"8":1,"9":1,"10":1,"11":1,"12":1,"13":1,"14":1,"15":1,"16":0,"17":0,"18":1,"19":1},"f":{"0":1,"1":1},"b":{"0":[1,0]},"inputSourceMap":null,"_coverageSchema":"1a1c01bbd47fc00a2c39e90264f33305004495a9","hash":"1caee5e6e219848733603e41d8bd0dfaa876f547"}
}
