<?xml version="1.0" encoding="UTF-8"?>
<coverage generated="1731302720204" clover="3.2.0">
  <project timestamp="1731302720204" name="All files">
    <metrics statements="37" coveredstatements="33" conditionals="16" coveredconditionals="11" methods="4" coveredmethods="3" elements="57" coveredelements="47" complexity="0" loc="37" ncloc="37" packages="1" files="1" classes="1"/>
    <file name="index.mjs" path="/Users/naveed/Downloads/Capstone/siemens-game/backend/LambdaFunctionAPIs/Equip/src/index.mjs">
      <metrics statements="37" coveredstatements="33" conditionals="16" coveredconditionals="11" methods="4" coveredmethods="3"/>
      <line num="4" count="1" type="stmt"/>
      <line num="5" count="3" type="stmt"/>
      <line num="7" count="3" type="stmt"/>
      <line num="12" count="3" type="cond" truecount="2" falsecount="0"/>
      <line num="13" count="1" type="stmt"/>
      <line num="16" count="2" type="stmt"/>
      <line num="17" count="2" type="stmt"/>
      <line num="18" count="2" type="stmt"/>
      <line num="20" count="3" type="stmt"/>
      <line num="21" count="2" type="cond" truecount="2" falsecount="0"/>
      <line num="22" count="1" type="stmt"/>
      <line num="25" count="1" type="cond" truecount="1" falsecount="1"/>
      <line num="27" count="1" type="stmt"/>
      <line num="28" count="0" type="cond" truecount="0" falsecount="2"/>
      <line num="30" count="0" type="stmt"/>
      <line num="32" count="0" type="stmt"/>
      <line num="36" count="1" type="stmt"/>
      <line num="41" count="1" type="stmt"/>
      <line num="47" count="2" type="stmt"/>
      <line num="48" count="2" type="stmt"/>
      <line num="52" count="1" type="stmt"/>
      <line num="55" count="3" type="stmt"/>
      <line num="57" count="3" type="stmt"/>
      <line num="58" count="3" type="stmt"/>
      <line num="60" count="3" type="cond" truecount="5" falsecount="1"/>
      <line num="61" count="0" type="stmt"/>
      <line num="65" count="3" type="stmt"/>
      <line num="66" count="3" type="stmt"/>
      <line num="69" count="3" type="stmt"/>
      <line num="70" count="3" type="stmt"/>
      <line num="71" count="3" type="stmt"/>
      <line num="74" count="3" type="stmt"/>
      <line num="76" count="1" type="stmt"/>
      <line num="81" count="2" type="stmt"/>
      <line num="82" count="2" type="stmt"/>
      <line num="87" count="3" type="cond" truecount="1" falsecount="1"/>
      <line num="88" count="3" type="stmt"/>
    </file>
  </project>
</coverage>
