{"/Users/naveed/Downloads/Capstone/siemens-game/backend/LambdaFunctionAPIs/Equip/src/index.mjs": {"path":"/Users/naveed/Downloads/Capstone/siemens-game/backend/LambdaFunctionAPIs/Equip/src/index.mjs","statementMap":{"0":{"start":{"line":6,"column":20},"end":{"line":52,"column":1}},"1":{"start":{"line":7,"column":4},"end":{"line":51,"column":5}},"2":{"start":{"line":9,"column":23},"end":{"line":12,"column":9}},"3":{"start":{"line":14,"column":8},"end":{"line":16,"column":9}},"4":{"start":{"line":15,"column":12},"end":{"line":15,"column":78}},"5":{"start":{"line":18,"column":46},"end":{"line":18,"column":60}},"6":{"start":{"line":19,"column":8},"end":{"line":19,"column":59}},"7":{"start":{"line":20,"column":8},"end":{"line":20,"column":57}},"8":{"start":{"line":22,"column":30},"end":{"line":22,"column":79}},"9":{"start":{"line":22,"column":51},"end":{"line":22,"column":78}},"10":{"start":{"line":23,"column":8},"end":{"line":25,"column":9}},"11":{"start":{"line":24,"column":12},"end":{"line":24,"column":79}},"12":{"start":{"line":27,"column":8},"end":{"line":35,"column":9}},"13":{"start":{"line":29,"column":12},"end":{"line":29,"column":73}},"14":{"start":{"line":30,"column":15},"end":{"line":35,"column":9}},"15":{"start":{"line":32,"column":12},"end":{"line":32,"column":82}},"16":{"start":{"line":32,"column":59},"end":{"line":32,"column":80}},"17":{"start":{"line":34,"column":12},"end":{"line":34,"column":73}},"18":{"start":{"line":38,"column":8},"end":{"line":41,"column":10}},"19":{"start":{"line":43,"column":8},"end":{"line":47,"column":10}},"20":{"start":{"line":49,"column":8},"end":{"line":49,"column":52}},"21":{"start":{"line":50,"column":8},"end":{"line":50,"column":18}},"22":{"start":{"line":54,"column":23},"end":{"line":93,"column":1}},"23":{"start":{"line":57,"column":4},"end":{"line":92,"column":5}},"24":{"start":{"line":59,"column":28},"end":{"line":59,"column":50}},"25":{"start":{"line":60,"column":47},"end":{"line":60,"column":58}},"26":{"start":{"line":62,"column":8},"end":{"line":64,"column":9}},"27":{"start":{"line":63,"column":12},"end":{"line":63,"column":108}},"28":{"start":{"line":67,"column":23},"end":{"line":67,"column":51}},"29":{"start":{"line":68,"column":8},"end":{"line":68,"column":38}},"30":{"start":{"line":71,"column":8},"end":{"line":71,"column":40}},"31":{"start":{"line":72,"column":8},"end":{"line":72,"column":31}},"32":{"start":{"line":73,"column":8},"end":{"line":73,"column":46}},"33":{"start":{"line":76,"column":25},"end":{"line":76,"column":78}},"34":{"start":{"line":78,"column":8},"end":{"line":81,"column":10}},"35":{"start":{"line":83,"column":8},"end":{"line":83,"column":56}},"36":{"start":{"line":84,"column":8},"end":{"line":87,"column":10}},"37":{"start":{"line":89,"column":8},"end":{"line":91,"column":9}},"38":{"start":{"line":90,"column":12},"end":{"line":90,"column":31}}},"fnMap":{"0":{"name":"(anonymous_0)","decl":{"start":{"line":6,"column":20},"end":{"line":6,"column":21}},"loc":{"start":{"line":6,"column":65},"end":{"line":52,"column":1}},"line":6},"1":{"name":"(anonymous_1)","decl":{"start":{"line":22,"column":43},"end":{"line":22,"column":44}},"loc":{"start":{"line":22,"column":51},"end":{"line":22,"column":78}},"line":22},"2":{"name":"(anonymous_2)","decl":{"start":{"line":32,"column":51},"end":{"line":32,"column":52}},"loc":{"start":{"line":32,"column":59},"end":{"line":32,"column":80}},"line":32},"3":{"name":"(anonymous_3)","decl":{"start":{"line":54,"column":23},"end":{"line":54,"column":24}},"loc":{"start":{"line":54,"column":40},"end":{"line":93,"column":1}},"line":54}},"branchMap":{"0":{"loc":{"start":{"line":14,"column":8},"end":{"line":16,"column":9}},"type":"if","locations":[{"start":{"line":14,"column":8},"end":{"line":16,"column":9}},{"start":{},"end":{}}],"line":14},"1":{"loc":{"start":{"line":23,"column":8},"end":{"line":25,"column":9}},"type":"if","locations":[{"start":{"line":23,"column":8},"end":{"line":25,"column":9}},{"start":{},"end":{}}],"line":23},"2":{"loc":{"start":{"line":27,"column":8},"end":{"line":35,"column":9}},"type":"if","locations":[{"start":{"line":27,"column":8},"end":{"line":35,"column":9}},{"start":{"line":30,"column":15},"end":{"line":35,"column":9}}],"line":27},"3":{"loc":{"start":{"line":30,"column":15},"end":{"line":35,"column":9}},"type":"if","locations":[{"start":{"line":30,"column":15},"end":{"line":35,"column":9}},{"start":{"line":33,"column":15},"end":{"line":35,"column":9}}],"line":30},"4":{"loc":{"start":{"line":62,"column":8},"end":{"line":64,"column":9}},"type":"if","locations":[{"start":{"line":62,"column":8},"end":{"line":64,"column":9}},{"start":{},"end":{}}],"line":62},"5":{"loc":{"start":{"line":62,"column":12},"end":{"line":62,"column":82}},"type":"binary-expr","locations":[{"start":{"line":62,"column":12},"end":{"line":62,"column":19}},{"start":{"line":62,"column":23},"end":{"line":62,"column":44}},{"start":{"line":62,"column":48},"end":{"line":62,"column":66}},{"start":{"line":62,"column":70},"end":{"line":62,"column":82}}],"line":62},"6":{"loc":{"start":{"line":89,"column":8},"end":{"line":91,"column":9}},"type":"if","locations":[{"start":{"line":89,"column":8},"end":{"line":91,"column":9}},{"start":{},"end":{}}],"line":89}},"s":{"0":1,"1":3,"2":3,"3":3,"4":1,"5":2,"6":2,"7":2,"8":2,"9":3,"10":2,"11":1,"12":1,"13":1,"14":0,"15":0,"16":0,"17":0,"18":1,"19":1,"20":2,"21":2,"22":1,"23":3,"24":3,"25":3,"26":3,"27":0,"28":3,"29":3,"30":3,"31":3,"32":3,"33":3,"34":1,"35":2,"36":2,"37":3,"38":3},"f":{"0":3,"1":3,"2":0,"3":3},"b":{"0":[1,2],"1":[1,1],"2":[1,0],"3":[0,0],"4":[0,3],"5":[3,3,3,3],"6":[3,0]},"inputSourceMap":null,"_coverageSchema":"1a1c01bbd47fc00a2c39e90264f33305004495a9","hash":"8962de96be01b5401667b98581f97c00ea62f58c"}
}
