{"/Users/naveed/Downloads/Capstone/siemens-game/backend/LambdaFunctionAPIs/Equip/src/index.mjs": {"path":"/Users/naveed/Downloads/Capstone/siemens-game/backend/LambdaFunctionAPIs/Equip/src/index.mjs","statementMap":{"0":{"start":{"line":4,"column":20},"end":{"line":49,"column":1}},"1":{"start":{"line":5,"column":4},"end":{"line":48,"column":5}},"2":{"start":{"line":7,"column":23},"end":{"line":10,"column":9}},"3":{"start":{"line":12,"column":8},"end":{"line":14,"column":9}},"4":{"start":{"line":13,"column":12},"end":{"line":13,"column":78}},"5":{"start":{"line":16,"column":46},"end":{"line":16,"column":60}},"6":{"start":{"line":19,"column":30},"end":{"line":19,"column":79}},"7":{"start":{"line":19,"column":51},"end":{"line":19,"column":78}},"8":{"start":{"line":20,"column":8},"end":{"line":22,"column":9}},"9":{"start":{"line":21,"column":12},"end":{"line":21,"column":79}},"10":{"start":{"line":24,"column":8},"end":{"line":32,"column":9}},"11":{"start":{"line":26,"column":12},"end":{"line":26,"column":73}},"12":{"start":{"line":27,"column":15},"end":{"line":32,"column":9}},"13":{"start":{"line":29,"column":12},"end":{"line":29,"column":82}},"14":{"start":{"line":29,"column":59},"end":{"line":29,"column":80}},"15":{"start":{"line":31,"column":12},"end":{"line":31,"column":73}},"16":{"start":{"line":35,"column":8},"end":{"line":38,"column":10}},"17":{"start":{"line":40,"column":8},"end":{"line":44,"column":10}},"18":{"start":{"line":46,"column":8},"end":{"line":46,"column":52}},"19":{"start":{"line":47,"column":8},"end":{"line":47,"column":18}},"20":{"start":{"line":51,"column":23},"end":{"line":90,"column":1}},"21":{"start":{"line":54,"column":4},"end":{"line":89,"column":5}},"22":{"start":{"line":56,"column":28},"end":{"line":56,"column":50}},"23":{"start":{"line":57,"column":47},"end":{"line":57,"column":58}},"24":{"start":{"line":59,"column":8},"end":{"line":61,"column":9}},"25":{"start":{"line":60,"column":12},"end":{"line":60,"column":108}},"26":{"start":{"line":64,"column":23},"end":{"line":64,"column":51}},"27":{"start":{"line":65,"column":8},"end":{"line":65,"column":38}},"28":{"start":{"line":68,"column":8},"end":{"line":68,"column":40}},"29":{"start":{"line":69,"column":8},"end":{"line":69,"column":31}},"30":{"start":{"line":70,"column":8},"end":{"line":70,"column":46}},"31":{"start":{"line":73,"column":25},"end":{"line":73,"column":78}},"32":{"start":{"line":75,"column":8},"end":{"line":78,"column":10}},"33":{"start":{"line":80,"column":8},"end":{"line":80,"column":56}},"34":{"start":{"line":81,"column":8},"end":{"line":84,"column":10}},"35":{"start":{"line":86,"column":8},"end":{"line":88,"column":9}},"36":{"start":{"line":87,"column":12},"end":{"line":87,"column":31}}},"fnMap":{"0":{"name":"(anonymous_0)","decl":{"start":{"line":4,"column":20},"end":{"line":4,"column":21}},"loc":{"start":{"line":4,"column":65},"end":{"line":49,"column":1}},"line":4},"1":{"name":"(anonymous_1)","decl":{"start":{"line":19,"column":43},"end":{"line":19,"column":44}},"loc":{"start":{"line":19,"column":51},"end":{"line":19,"column":78}},"line":19},"2":{"name":"(anonymous_2)","decl":{"start":{"line":29,"column":51},"end":{"line":29,"column":52}},"loc":{"start":{"line":29,"column":59},"end":{"line":29,"column":80}},"line":29},"3":{"name":"(anonymous_3)","decl":{"start":{"line":51,"column":23},"end":{"line":51,"column":24}},"loc":{"start":{"line":51,"column":40},"end":{"line":90,"column":1}},"line":51}},"branchMap":{"0":{"loc":{"start":{"line":12,"column":8},"end":{"line":14,"column":9}},"type":"if","locations":[{"start":{"line":12,"column":8},"end":{"line":14,"column":9}},{"start":{},"end":{}}],"line":12},"1":{"loc":{"start":{"line":20,"column":8},"end":{"line":22,"column":9}},"type":"if","locations":[{"start":{"line":20,"column":8},"end":{"line":22,"column":9}},{"start":{},"end":{}}],"line":20},"2":{"loc":{"start":{"line":24,"column":8},"end":{"line":32,"column":9}},"type":"if","locations":[{"start":{"line":24,"column":8},"end":{"line":32,"column":9}},{"start":{"line":27,"column":15},"end":{"line":32,"column":9}}],"line":24},"3":{"loc":{"start":{"line":27,"column":15},"end":{"line":32,"column":9}},"type":"if","locations":[{"start":{"line":27,"column":15},"end":{"line":32,"column":9}},{"start":{"line":30,"column":15},"end":{"line":32,"column":9}}],"line":27},"4":{"loc":{"start":{"line":59,"column":8},"end":{"line":61,"column":9}},"type":"if","locations":[{"start":{"line":59,"column":8},"end":{"line":61,"column":9}},{"start":{},"end":{}}],"line":59},"5":{"loc":{"start":{"line":59,"column":12},"end":{"line":59,"column":82}},"type":"binary-expr","locations":[{"start":{"line":59,"column":12},"end":{"line":59,"column":19}},{"start":{"line":59,"column":23},"end":{"line":59,"column":44}},{"start":{"line":59,"column":48},"end":{"line":59,"column":66}},{"start":{"line":59,"column":70},"end":{"line":59,"column":82}}],"line":59},"6":{"loc":{"start":{"line":86,"column":8},"end":{"line":88,"column":9}},"type":"if","locations":[{"start":{"line":86,"column":8},"end":{"line":88,"column":9}},{"start":{},"end":{}}],"line":86}},"s":{"0":1,"1":3,"2":3,"3":3,"4":1,"5":2,"6":2,"7":3,"8":2,"9":1,"10":1,"11":1,"12":0,"13":0,"14":0,"15":0,"16":1,"17":1,"18":2,"19":2,"20":1,"21":3,"22":3,"23":3,"24":3,"25":0,"26":3,"27":3,"28":3,"29":3,"30":3,"31":3,"32":1,"33":2,"34":2,"35":3,"36":3},"f":{"0":3,"1":3,"2":0,"3":3},"b":{"0":[1,2],"1":[1,1],"2":[1,0],"3":[0,0],"4":[0,3],"5":[3,3,3,3],"6":[3,0]},"inputSourceMap":null,"_coverageSchema":"1a1c01bbd47fc00a2c39e90264f33305004495a9","hash":"6d70cd420ea49e4e86c7996e83b1e9b0f1b4e3d7"}
}
