TN:
SF:src/index.mjs
FN:4,(anonymous_0)
FN:20,(anonymous_1)
FN:30,(anonymous_2)
FN:52,(anonymous_3)
FNF:4
FNH:3
FNDA:3,(anonymous_0)
FNDA:3,(anonymous_1)
FNDA:0,(anonymous_2)
FNDA:3,(anonymous_3)
DA:4,1
DA:5,3
DA:7,3
DA:12,3
DA:13,1
DA:16,2
DA:17,2
DA:18,2
DA:20,3
DA:21,2
DA:22,1
DA:25,1
DA:27,1
DA:28,0
DA:30,0
DA:32,0
DA:36,1
DA:41,1
DA:47,2
DA:48,2
DA:52,1
DA:55,3
DA:57,3
DA:58,3
DA:60,3
DA:61,0
DA:65,3
DA:66,3
DA:69,3
DA:70,3
DA:71,3
DA:74,3
DA:76,1
DA:81,2
DA:82,2
DA:87,3
DA:88,3
LF:37
LH:33
BRDA:12,0,0,1
BRDA:12,0,1,2
BRDA:21,1,0,1
BRDA:21,1,1,1
BRDA:25,2,0,1
BRDA:25,2,1,0
BRDA:28,3,0,0
BRDA:28,3,1,0
BRDA:60,4,0,0
BRDA:60,4,1,3
BRDA:60,5,0,3
BRDA:60,5,1,3
BRDA:60,5,2,3
BRDA:60,5,3,3
BRDA:87,6,0,3
BRDA:87,6,1,0
BRF:16
BRH:11
end_of_record
