TN:
SF:src/index.mjs
FN:6,(anonymous_0)
FN:22,(anonymous_1)
FN:32,(anonymous_2)
FN:54,(anonymous_3)
FNF:4
FNH:3
FNDA:3,(anonymous_0)
FNDA:3,(anonymous_1)
FNDA:0,(anonymous_2)
FNDA:3,(anonymous_3)
DA:6,1
DA:7,3
DA:9,3
DA:14,3
DA:15,1
DA:18,2
DA:19,2
DA:20,2
DA:22,3
DA:23,2
DA:24,1
DA:27,1
DA:29,1
DA:30,0
DA:32,0
DA:34,0
DA:38,1
DA:43,1
DA:49,2
DA:50,2
DA:54,1
DA:57,3
DA:59,3
DA:60,3
DA:62,3
DA:63,0
DA:67,3
DA:68,3
DA:71,3
DA:72,3
DA:73,3
DA:76,3
DA:78,1
DA:83,2
DA:84,2
DA:89,3
DA:90,3
LF:37
LH:33
BRDA:14,0,0,1
BRDA:14,0,1,2
BRDA:23,1,0,1
BRDA:23,1,1,1
BRDA:27,2,0,1
BRDA:27,2,1,0
BRDA:30,3,0,0
BRDA:30,3,1,0
BRDA:62,4,0,0
BRDA:62,4,1,3
BRDA:62,5,0,3
BRDA:62,5,1,3
BRDA:62,5,2,3
BRDA:62,5,3,3
BRDA:89,6,0,3
BRDA:89,6,1,0
BRF:16
BRH:11
end_of_record
