<?xml version="1.0" encoding="UTF-8"?>
<coverage generated="1730088693060" clover="3.2.0">
  <project timestamp="1730088693061" name="All files">
    <metrics statements="29" coveredstatements="27" conditionals="6" coveredconditionals="6" methods="3" coveredmethods="3" elements="38" coveredelements="36" complexity="0" loc="29" ncloc="29" packages="1" files="1" classes="1"/>
    <file name="index.mjs" path="/Users/naveed/Downloads/Capstone/siemens-game/backend/LambdaFunctionAPIs/GetItemsByCategory/src/index.mjs">
      <metrics statements="29" coveredstatements="27" conditionals="6" coveredconditionals="6" methods="3" coveredmethods="3"/>
      <line num="3" count="1" type="stmt"/>
      <line num="4" count="1" type="stmt"/>
      <line num="5" count="1" type="stmt"/>
      <line num="6" count="1" type="stmt"/>
      <line num="7" count="1" type="stmt"/>
      <line num="9" count="0" type="stmt"/>
      <line num="10" count="0" type="stmt"/>
      <line num="14" count="1" type="stmt"/>
      <line num="15" count="3" type="cond" truecount="2" falsecount="0"/>
      <line num="16" count="1" type="stmt"/>
      <line num="18" count="2" type="stmt"/>
      <line num="19" count="2" type="stmt"/>
      <line num="22" count="2" type="cond" truecount="2" falsecount="0"/>
      <line num="23" count="1" type="stmt"/>
      <line num="25" count="1" type="stmt"/>
      <line num="28" count="1" type="stmt"/>
      <line num="31" count="3" type="stmt"/>
      <line num="33" count="3" type="stmt"/>
      <line num="35" count="1" type="stmt"/>
      <line num="36" count="1" type="stmt"/>
      <line num="38" count="1" type="stmt"/>
      <line num="39" count="1" type="stmt"/>
      <line num="40" count="1" type="stmt"/>
      <line num="42" count="1" type="stmt"/>
      <line num="44" count="1" type="stmt"/>
      <line num="50" count="2" type="stmt"/>
      <line num="51" count="2" type="stmt"/>
      <line num="56" count="3" type="cond" truecount="2" falsecount="0"/>
      <line num="57" count="1" type="stmt"/>
    </file>
  </project>
</coverage>
