{"/Users/naveed/Downloads/Capstone/siemens-game/backend/LambdaFunctionAPIs/GetItemsByCategory/src/index.mjs": {"path":"/Users/naveed/Downloads/Capstone/siemens-game/backend/LambdaFunctionAPIs/GetItemsByCategory/src/index.mjs","statementMap":{"0":{"start":{"line":5,"column":27},"end":{"line":14,"column":1}},"1":{"start":{"line":6,"column":4},"end":{"line":13,"column":5}},"2":{"start":{"line":7,"column":23},"end":{"line":7,"column":97}},"3":{"start":{"line":8,"column":8},"end":{"line":8,"column":81}},"4":{"start":{"line":9,"column":8},"end":{"line":9,"column":27}},"5":{"start":{"line":11,"column":8},"end":{"line":11,"column":75}},"6":{"start":{"line":12,"column":8},"end":{"line":12,"column":18}},"7":{"start":{"line":16,"column":19},"end":{"line":28,"column":1}},"8":{"start":{"line":17,"column":4},"end":{"line":19,"column":5}},"9":{"start":{"line":18,"column":8},"end":{"line":18,"column":52}},"10":{"start":{"line":20,"column":24},"end":{"line":20,"column":46}},"11":{"start":{"line":21,"column":21},"end":{"line":21,"column":41}},"12":{"start":{"line":24,"column":4},"end":{"line":26,"column":5}},"13":{"start":{"line":25,"column":8},"end":{"line":25,"column":69}},"14":{"start":{"line":27,"column":4},"end":{"line":27,"column":20}},"15":{"start":{"line":30,"column":23},"end":{"line":62,"column":1}},"16":{"start":{"line":33,"column":4},"end":{"line":61,"column":5}},"17":{"start":{"line":35,"column":25},"end":{"line":35,"column":48}},"18":{"start":{"line":37,"column":23},"end":{"line":37,"column":51}},"19":{"start":{"line":38,"column":8},"end":{"line":38,"column":38}},"20":{"start":{"line":40,"column":8},"end":{"line":40,"column":40}},"21":{"start":{"line":41,"column":8},"end":{"line":41,"column":31}},"22":{"start":{"line":42,"column":8},"end":{"line":42,"column":46}},"23":{"start":{"line":44,"column":22},"end":{"line":44,"column":64}},"24":{"start":{"line":46,"column":8},"end":{"line":50,"column":10}},"25":{"start":{"line":52,"column":8},"end":{"line":52,"column":59}},"26":{"start":{"line":53,"column":8},"end":{"line":56,"column":10}},"27":{"start":{"line":58,"column":8},"end":{"line":60,"column":9}},"28":{"start":{"line":59,"column":12},"end":{"line":59,"column":31}}},"fnMap":{"0":{"name":"(anonymous_0)","decl":{"start":{"line":5,"column":27},"end":{"line":5,"column":28}},"loc":{"start":{"line":5,"column":55},"end":{"line":14,"column":1}},"line":5},"1":{"name":"(anonymous_1)","decl":{"start":{"line":16,"column":19},"end":{"line":16,"column":20}},"loc":{"start":{"line":16,"column":36},"end":{"line":28,"column":1}},"line":16},"2":{"name":"(anonymous_2)","decl":{"start":{"line":30,"column":23},"end":{"line":30,"column":24}},"loc":{"start":{"line":30,"column":40},"end":{"line":62,"column":1}},"line":30}},"branchMap":{"0":{"loc":{"start":{"line":17,"column":4},"end":{"line":19,"column":5}},"type":"if","locations":[{"start":{"line":17,"column":4},"end":{"line":19,"column":5}},{"start":{},"end":{}}],"line":17},"1":{"loc":{"start":{"line":24,"column":4},"end":{"line":26,"column":5}},"type":"if","locations":[{"start":{"line":24,"column":4},"end":{"line":26,"column":5}},{"start":{},"end":{}}],"line":24},"2":{"loc":{"start":{"line":58,"column":8},"end":{"line":60,"column":9}},"type":"if","locations":[{"start":{"line":58,"column":8},"end":{"line":60,"column":9}},{"start":{},"end":{}}],"line":58}},"s":{"0":1,"1":1,"2":1,"3":1,"4":1,"5":0,"6":0,"7":1,"8":3,"9":1,"10":2,"11":2,"12":2,"13":1,"14":1,"15":1,"16":3,"17":3,"18":1,"19":1,"20":1,"21":1,"22":1,"23":1,"24":1,"25":2,"26":2,"27":3,"28":1},"f":{"0":1,"1":3,"2":3},"b":{"0":[1,2],"1":[1,1],"2":[1,2]},"inputSourceMap":null,"_coverageSchema":"1a1c01bbd47fc00a2c39e90264f33305004495a9","hash":"6c27b476484ab486c840d64ecc93d104f4541400"}
}
