TN:
SF:src/index.mjs
FN:5,(anonymous_0)
FN:16,(anonymous_1)
FN:30,(anonymous_2)
FNF:3
FNH:3
FNDA:1,(anonymous_0)
FNDA:3,(anonymous_1)
FNDA:3,(anonymous_2)
DA:5,1
DA:6,1
DA:7,1
DA:8,1
DA:9,1
DA:11,0
DA:12,0
DA:16,1
DA:17,3
DA:18,1
DA:20,2
DA:21,2
DA:24,2
DA:25,1
DA:27,1
DA:30,1
DA:33,3
DA:35,3
DA:37,1
DA:38,1
DA:40,1
DA:41,1
DA:42,1
DA:44,1
DA:46,1
DA:52,2
DA:53,2
DA:58,3
DA:59,1
LF:29
LH:27
BRDA:17,0,0,1
BRDA:17,0,1,2
BRDA:24,1,0,1
BRDA:24,1,1,1
BRDA:58,2,0,1
BRDA:58,2,1,2
BRF:6
BRH:6
end_of_record
