<?xml version="1.0" encoding="UTF-8"?>
<coverage generated="1733112431146" clover="3.2.0">
  <project timestamp="1733112431146" name="All files">
    <metrics statements="40" coveredstatements="38" conditionals="12" coveredconditionals="10" methods="4" coveredmethods="4" elements="56" coveredelements="52" complexity="0" loc="40" ncloc="40" packages="1" files="1" classes="1"/>
    <file name="index.mjs" path="/Users/naveed/Downloads/Capstone/siemens-game/backend/LambdaFunctionAPIs/GetUserItems/src/index.mjs">
      <metrics statements="40" coveredstatements="38" conditionals="12" coveredconditionals="10" methods="4" coveredmethods="4"/>
      <line num="6" count="1" type="stmt"/>
      <line num="7" count="2" type="stmt"/>
      <line num="8" count="2" type="stmt"/>
      <line num="12" count="2" type="stmt"/>
      <line num="13" count="2" type="cond" truecount="2" falsecount="0"/>
      <line num="14" count="1" type="stmt"/>
      <line num="16" count="1" type="stmt"/>
      <line num="19" count="1" type="stmt"/>
      <line num="20" count="1" type="stmt"/>
      <line num="25" count="1" type="stmt"/>
      <line num="26" count="2" type="stmt"/>
      <line num="27" count="2" type="stmt"/>
      <line num="31" count="2" type="stmt"/>
      <line num="32" count="2" type="stmt"/>
      <line num="33" count="4" type="stmt"/>
      <line num="35" count="2" type="stmt"/>
      <line num="37" count="0" type="stmt"/>
      <line num="38" count="0" type="stmt"/>
      <line num="42" count="1" type="stmt"/>
      <line num="45" count="4" type="stmt"/>
      <line num="46" count="4" type="cond" truecount="2" falsecount="0"/>
      <line num="47" count="1" type="stmt"/>
      <line num="50" count="3" type="stmt"/>
      <line num="51" count="3" type="stmt"/>
      <line num="53" count="3" type="cond" truecount="2" falsecount="0"/>
      <line num="54" count="1" type="stmt"/>
      <line num="58" count="2" type="stmt"/>
      <line num="59" count="2" type="stmt"/>
      <line num="62" count="2" type="stmt"/>
      <line num="63" count="2" type="stmt"/>
      <line num="64" count="2" type="stmt"/>
      <line num="67" count="2" type="stmt"/>
      <line num="70" count="1" type="cond" truecount="1" falsecount="1"/>
      <line num="71" count="1" type="cond" truecount="1" falsecount="1"/>
      <line num="74" count="1" type="stmt"/>
      <line num="84" count="1" type="stmt"/>
      <line num="89" count="3" type="stmt"/>
      <line num="90" count="3" type="stmt"/>
      <line num="95" count="4" type="cond" truecount="2" falsecount="0"/>
      <line num="96" count="2" type="stmt"/>
    </file>
  </project>
</coverage>
