{"/Users/naveed/Downloads/Capstone/siemens-game/backend/LambdaFunctionAPIs/GetUserItems/src/index.mjs": {"path":"/Users/naveed/Downloads/Capstone/siemens-game/backend/LambdaFunctionAPIs/GetUserItems/src/index.mjs","statementMap":{"0":{"start":{"line":6,"column":28},"end":{"line":22,"column":1}},"1":{"start":{"line":7,"column":4},"end":{"line":21,"column":5}},"2":{"start":{"line":8,"column":23},"end":{"line":11,"column":9}},"3":{"start":{"line":12,"column":8},"end":{"line":12,"column":71}},"4":{"start":{"line":13,"column":8},"end":{"line":17,"column":9}},"5":{"start":{"line":14,"column":12},"end":{"line":14,"column":34}},"6":{"start":{"line":16,"column":12},"end":{"line":16,"column":77}},"7":{"start":{"line":19,"column":8},"end":{"line":19,"column":66}},"8":{"start":{"line":20,"column":8},"end":{"line":20,"column":18}},"9":{"start":{"line":25,"column":26},"end":{"line":40,"column":1}},"10":{"start":{"line":26,"column":4},"end":{"line":39,"column":5}},"11":{"start":{"line":27,"column":23},"end":{"line":30,"column":9}},"12":{"start":{"line":31,"column":24},"end":{"line":31,"column":26}},"13":{"start":{"line":32,"column":8},"end":{"line":34,"column":11}},"14":{"start":{"line":33,"column":12},"end":{"line":33,"column":51}},"15":{"start":{"line":35,"column":8},"end":{"line":35,"column":23}},"16":{"start":{"line":37,"column":8},"end":{"line":37,"column":69}},"17":{"start":{"line":38,"column":8},"end":{"line":38,"column":18}},"18":{"start":{"line":42,"column":23},"end":{"line":99,"column":1}},"19":{"start":{"line":45,"column":4},"end":{"line":98,"column":5}},"20":{"start":{"line":46,"column":8},"end":{"line":48,"column":9}},"21":{"start":{"line":47,"column":12},"end":{"line":47,"column":56}},"22":{"start":{"line":50,"column":28},"end":{"line":50,"column":50}},"23":{"start":{"line":51,"column":27},"end":{"line":51,"column":50}},"24":{"start":{"line":53,"column":8},"end":{"line":55,"column":9}},"25":{"start":{"line":54,"column":12},"end":{"line":54,"column":66}},"26":{"start":{"line":58,"column":23},"end":{"line":58,"column":51}},"27":{"start":{"line":59,"column":8},"end":{"line":59,"column":38}},"28":{"start":{"line":62,"column":8},"end":{"line":62,"column":40}},"29":{"start":{"line":63,"column":8},"end":{"line":63,"column":31}},"30":{"start":{"line":64,"column":8},"end":{"line":64,"column":46}},"31":{"start":{"line":67,"column":21},"end":{"line":67,"column":66}},"32":{"start":{"line":70,"column":27},"end":{"line":70,"column":111}},"33":{"start":{"line":71,"column":30},"end":{"line":71,"column":120}},"34":{"start":{"line":74,"column":25},"end":{"line":82,"column":9}},"35":{"start":{"line":84,"column":8},"end":{"line":87,"column":10}},"36":{"start":{"line":89,"column":8},"end":{"line":89,"column":59}},"37":{"start":{"line":90,"column":8},"end":{"line":93,"column":10}},"38":{"start":{"line":95,"column":8},"end":{"line":97,"column":9}},"39":{"start":{"line":96,"column":12},"end":{"line":96,"column":31}}},"fnMap":{"0":{"name":"(anonymous_0)","decl":{"start":{"line":6,"column":28},"end":{"line":6,"column":29}},"loc":{"start":{"line":6,"column":58},"end":{"line":22,"column":1}},"line":6},"1":{"name":"(anonymous_1)","decl":{"start":{"line":25,"column":26},"end":{"line":25,"column":27}},"loc":{"start":{"line":25,"column":53},"end":{"line":40,"column":1}},"line":25},"2":{"name":"(anonymous_2)","decl":{"start":{"line":32,"column":28},"end":{"line":32,"column":29}},"loc":{"start":{"line":32,"column":36},"end":{"line":34,"column":9}},"line":32},"3":{"name":"(anonymous_3)","decl":{"start":{"line":42,"column":23},"end":{"line":42,"column":24}},"loc":{"start":{"line":42,"column":40},"end":{"line":99,"column":1}},"line":42}},"branchMap":{"0":{"loc":{"start":{"line":13,"column":8},"end":{"line":17,"column":9}},"type":"if","locations":[{"start":{"line":13,"column":8},"end":{"line":17,"column":9}},{"start":{"line":15,"column":15},"end":{"line":17,"column":9}}],"line":13},"1":{"loc":{"start":{"line":46,"column":8},"end":{"line":48,"column":9}},"type":"if","locations":[{"start":{"line":46,"column":8},"end":{"line":48,"column":9}},{"start":{},"end":{}}],"line":46},"2":{"loc":{"start":{"line":53,"column":8},"end":{"line":55,"column":9}},"type":"if","locations":[{"start":{"line":53,"column":8},"end":{"line":55,"column":9}},{"start":{},"end":{}}],"line":53},"3":{"loc":{"start":{"line":70,"column":27},"end":{"line":70,"column":111}},"type":"cond-expr","locations":[{"start":{"line":70,"column":57},"end":{"line":70,"column":106}},{"start":{"line":70,"column":109},"end":{"line":70,"column":111}}],"line":70},"4":{"loc":{"start":{"line":71,"column":30},"end":{"line":71,"column":120}},"type":"cond-expr","locations":[{"start":{"line":71,"column":63},"end":{"line":71,"column":115}},{"start":{"line":71,"column":118},"end":{"line":71,"column":120}}],"line":71},"5":{"loc":{"start":{"line":95,"column":8},"end":{"line":97,"column":9}},"type":"if","locations":[{"start":{"line":95,"column":8},"end":{"line":97,"column":9}},{"start":{},"end":{}}],"line":95}},"s":{"0":1,"1":2,"2":2,"3":2,"4":2,"5":1,"6":1,"7":1,"8":1,"9":1,"10":2,"11":2,"12":2,"13":2,"14":4,"15":2,"16":0,"17":0,"18":1,"19":4,"20":4,"21":1,"22":3,"23":3,"24":3,"25":1,"26":2,"27":2,"28":2,"29":2,"30":2,"31":2,"32":1,"33":1,"34":1,"35":1,"36":3,"37":3,"38":4,"39":2},"f":{"0":2,"1":2,"2":4,"3":4},"b":{"0":[1,1],"1":[1,3],"2":[1,2],"3":[1,0],"4":[1,0],"5":[2,2]},"inputSourceMap":null,"_coverageSchema":"1a1c01bbd47fc00a2c39e90264f33305004495a9","hash":"3397261c62d25124cbac6519ad78dd3dc0672eb1"}
}
