{"/Users/naveed/Downloads/Capstone/siemens-game/backend/LambdaFunctionAPIs/GetUserItems/src/index.mjs": {"path":"/Users/naveed/Downloads/Capstone/siemens-game/backend/LambdaFunctionAPIs/GetUserItems/src/index.mjs","statementMap":{"0":{"start":{"line":4,"column":28},"end":{"line":20,"column":1}},"1":{"start":{"line":5,"column":4},"end":{"line":19,"column":5}},"2":{"start":{"line":6,"column":23},"end":{"line":9,"column":9}},"3":{"start":{"line":10,"column":8},"end":{"line":10,"column":71}},"4":{"start":{"line":11,"column":8},"end":{"line":15,"column":9}},"5":{"start":{"line":12,"column":12},"end":{"line":12,"column":34}},"6":{"start":{"line":14,"column":12},"end":{"line":14,"column":77}},"7":{"start":{"line":17,"column":8},"end":{"line":17,"column":66}},"8":{"start":{"line":18,"column":8},"end":{"line":18,"column":18}},"9":{"start":{"line":23,"column":26},"end":{"line":38,"column":1}},"10":{"start":{"line":24,"column":4},"end":{"line":37,"column":5}},"11":{"start":{"line":25,"column":23},"end":{"line":28,"column":9}},"12":{"start":{"line":29,"column":24},"end":{"line":29,"column":26}},"13":{"start":{"line":30,"column":8},"end":{"line":32,"column":11}},"14":{"start":{"line":31,"column":12},"end":{"line":31,"column":51}},"15":{"start":{"line":33,"column":8},"end":{"line":33,"column":23}},"16":{"start":{"line":35,"column":8},"end":{"line":35,"column":69}},"17":{"start":{"line":36,"column":8},"end":{"line":36,"column":18}},"18":{"start":{"line":40,"column":23},"end":{"line":97,"column":1}},"19":{"start":{"line":43,"column":4},"end":{"line":96,"column":5}},"20":{"start":{"line":44,"column":8},"end":{"line":46,"column":9}},"21":{"start":{"line":45,"column":12},"end":{"line":45,"column":56}},"22":{"start":{"line":48,"column":28},"end":{"line":48,"column":50}},"23":{"start":{"line":49,"column":27},"end":{"line":49,"column":50}},"24":{"start":{"line":51,"column":8},"end":{"line":53,"column":9}},"25":{"start":{"line":52,"column":12},"end":{"line":52,"column":66}},"26":{"start":{"line":56,"column":23},"end":{"line":56,"column":51}},"27":{"start":{"line":57,"column":8},"end":{"line":57,"column":38}},"28":{"start":{"line":60,"column":8},"end":{"line":60,"column":40}},"29":{"start":{"line":61,"column":8},"end":{"line":61,"column":31}},"30":{"start":{"line":62,"column":8},"end":{"line":62,"column":46}},"31":{"start":{"line":65,"column":21},"end":{"line":65,"column":66}},"32":{"start":{"line":68,"column":27},"end":{"line":68,"column":111}},"33":{"start":{"line":69,"column":30},"end":{"line":69,"column":120}},"34":{"start":{"line":72,"column":25},"end":{"line":80,"column":9}},"35":{"start":{"line":82,"column":8},"end":{"line":85,"column":10}},"36":{"start":{"line":87,"column":8},"end":{"line":87,"column":59}},"37":{"start":{"line":88,"column":8},"end":{"line":91,"column":10}},"38":{"start":{"line":93,"column":8},"end":{"line":95,"column":9}},"39":{"start":{"line":94,"column":12},"end":{"line":94,"column":31}}},"fnMap":{"0":{"name":"(anonymous_0)","decl":{"start":{"line":4,"column":28},"end":{"line":4,"column":29}},"loc":{"start":{"line":4,"column":58},"end":{"line":20,"column":1}},"line":4},"1":{"name":"(anonymous_1)","decl":{"start":{"line":23,"column":26},"end":{"line":23,"column":27}},"loc":{"start":{"line":23,"column":53},"end":{"line":38,"column":1}},"line":23},"2":{"name":"(anonymous_2)","decl":{"start":{"line":30,"column":28},"end":{"line":30,"column":29}},"loc":{"start":{"line":30,"column":36},"end":{"line":32,"column":9}},"line":30},"3":{"name":"(anonymous_3)","decl":{"start":{"line":40,"column":23},"end":{"line":40,"column":24}},"loc":{"start":{"line":40,"column":40},"end":{"line":97,"column":1}},"line":40}},"branchMap":{"0":{"loc":{"start":{"line":11,"column":8},"end":{"line":15,"column":9}},"type":"if","locations":[{"start":{"line":11,"column":8},"end":{"line":15,"column":9}},{"start":{"line":13,"column":15},"end":{"line":15,"column":9}}],"line":11},"1":{"loc":{"start":{"line":44,"column":8},"end":{"line":46,"column":9}},"type":"if","locations":[{"start":{"line":44,"column":8},"end":{"line":46,"column":9}},{"start":{},"end":{}}],"line":44},"2":{"loc":{"start":{"line":51,"column":8},"end":{"line":53,"column":9}},"type":"if","locations":[{"start":{"line":51,"column":8},"end":{"line":53,"column":9}},{"start":{},"end":{}}],"line":51},"3":{"loc":{"start":{"line":68,"column":27},"end":{"line":68,"column":111}},"type":"cond-expr","locations":[{"start":{"line":68,"column":57},"end":{"line":68,"column":106}},{"start":{"line":68,"column":109},"end":{"line":68,"column":111}}],"line":68},"4":{"loc":{"start":{"line":69,"column":30},"end":{"line":69,"column":120}},"type":"cond-expr","locations":[{"start":{"line":69,"column":63},"end":{"line":69,"column":115}},{"start":{"line":69,"column":118},"end":{"line":69,"column":120}}],"line":69},"5":{"loc":{"start":{"line":93,"column":8},"end":{"line":95,"column":9}},"type":"if","locations":[{"start":{"line":93,"column":8},"end":{"line":95,"column":9}},{"start":{},"end":{}}],"line":93}},"s":{"0":1,"1":2,"2":2,"3":2,"4":2,"5":1,"6":1,"7":1,"8":1,"9":1,"10":2,"11":2,"12":2,"13":2,"14":5,"15":2,"16":0,"17":0,"18":1,"19":4,"20":4,"21":1,"22":3,"23":3,"24":3,"25":1,"26":2,"27":2,"28":2,"29":2,"30":2,"31":2,"32":1,"33":1,"34":1,"35":1,"36":3,"37":3,"38":4,"39":2},"f":{"0":2,"1":2,"2":5,"3":4},"b":{"0":[1,1],"1":[1,3],"2":[1,2],"3":[1,0],"4":[1,0],"5":[2,2]},"inputSourceMap":null,"_coverageSchema":"1a1c01bbd47fc00a2c39e90264f33305004495a9","hash":"923f650b1dc012b6572f4f58c2b40913cb6e05a4"}
}
