TN:
SF:src/index.mjs
FN:4,(anonymous_0)
FN:23,(anonymous_1)
FN:30,(anonymous_2)
FN:40,(anonymous_3)
FNF:4
FNH:4
FNDA:2,(anonymous_0)
FNDA:2,(anonymous_1)
FNDA:5,(anonymous_2)
FNDA:4,(anonymous_3)
DA:4,1
DA:5,2
DA:6,2
DA:10,2
DA:11,2
DA:12,1
DA:14,1
DA:17,1
DA:18,1
DA:23,1
DA:24,2
DA:25,2
DA:29,2
DA:30,2
DA:31,5
DA:33,2
DA:35,0
DA:36,0
DA:40,1
DA:43,4
DA:44,4
DA:45,1
DA:48,3
DA:49,3
DA:51,3
DA:52,1
DA:56,2
DA:57,2
DA:60,2
DA:61,2
DA:62,2
DA:65,2
DA:68,1
DA:69,1
DA:72,1
DA:82,1
DA:87,3
DA:88,3
DA:93,4
DA:94,2
LF:40
LH:38
BRDA:11,0,0,1
BRDA:11,0,1,1
BRDA:44,1,0,1
BRDA:44,1,1,3
BRDA:51,2,0,1
BRDA:51,2,1,2
BRDA:68,3,0,1
BRDA:68,3,1,0
BRDA:69,4,0,1
BRDA:69,4,1,0
BRDA:93,5,0,2
BRDA:93,5,1,2
BRF:12
BRH:10
end_of_record
