TN:
SF:src/index.mjs
FN:6,(anonymous_0)
FN:25,(anonymous_1)
FN:32,(anonymous_2)
FN:42,(anonymous_3)
FNF:4
FNH:4
FNDA:2,(anonymous_0)
FNDA:2,(anonymous_1)
FNDA:4,(anonymous_2)
FNDA:4,(anonymous_3)
DA:6,1
DA:7,2
DA:8,2
DA:12,2
DA:13,2
DA:14,1
DA:16,1
DA:19,1
DA:20,1
DA:25,1
DA:26,2
DA:27,2
DA:31,2
DA:32,2
DA:33,4
DA:35,2
DA:37,0
DA:38,0
DA:42,1
DA:45,4
DA:46,4
DA:47,1
DA:50,3
DA:51,3
DA:53,3
DA:54,1
DA:58,2
DA:59,2
DA:62,2
DA:63,2
DA:64,2
DA:67,2
DA:70,1
DA:71,1
DA:74,1
DA:84,1
DA:89,3
DA:90,3
DA:95,4
DA:96,2
LF:40
LH:38
BRDA:13,0,0,1
BRDA:13,0,1,1
BRDA:46,1,0,1
BRDA:46,1,1,3
BRDA:53,2,0,1
BRDA:53,2,1,2
BRDA:70,3,0,1
BRDA:70,3,1,0
BRDA:71,4,0,1
BRDA:71,4,1,0
BRDA:95,5,0,2
BRDA:95,5,1,2
BRF:12
BRH:10
end_of_record
