{"/Users/naveed/Downloads/Capstone/siemens-game/backend/LambdaFunctionAPIs/Purchase/src/index.mjs": {"path":"/Users/naveed/Downloads/Capstone/siemens-game/backend/LambdaFunctionAPIs/Purchase/src/index.mjs","statementMap":{"0":{"start":{"line":4,"column":27},"end":{"line":6,"column":1}},"1":{"start":{"line":5,"column":4},"end":{"line":5,"column":39}},"2":{"start":{"line":9,"column":23},"end":{"line":15,"column":1}},"3":{"start":{"line":10,"column":19},"end":{"line":10,"column":89}},"4":{"start":{"line":11,"column":4},"end":{"line":13,"column":5}},"5":{"start":{"line":12,"column":8},"end":{"line":12,"column":56}},"6":{"start":{"line":14,"column":4},"end":{"line":14,"column":26}},"7":{"start":{"line":18,"column":21},"end":{"line":65,"column":1}},"8":{"start":{"line":19,"column":4},"end":{"line":64,"column":5}},"9":{"start":{"line":21,"column":27},"end":{"line":24,"column":9}},"10":{"start":{"line":25,"column":8},"end":{"line":27,"column":9}},"11":{"start":{"line":26,"column":12},"end":{"line":26,"column":78}},"12":{"start":{"line":29,"column":45},"end":{"line":29,"column":63}},"13":{"start":{"line":32,"column":8},"end":{"line":34,"column":9}},"14":{"start":{"line":33,"column":12},"end":{"line":33,"column":60}},"15":{"start":{"line":37,"column":28},"end":{"line":37,"column":64}},"16":{"start":{"line":38,"column":26},"end":{"line":38,"column":48}},"17":{"start":{"line":41,"column":8},"end":{"line":43,"column":9}},"18":{"start":{"line":42,"column":12},"end":{"line":42,"column":71}},"19":{"start":{"line":46,"column":8},"end":{"line":46,"column":35}},"20":{"start":{"line":47,"column":8},"end":{"line":47,"column":47}},"21":{"start":{"line":50,"column":8},"end":{"line":53,"column":10}},"22":{"start":{"line":55,"column":8},"end":{"line":60,"column":10}},"23":{"start":{"line":62,"column":8},"end":{"line":62,"column":53}},"24":{"start":{"line":63,"column":8},"end":{"line":63,"column":18}},"25":{"start":{"line":67,"column":23},"end":{"line":109,"column":1}},"26":{"start":{"line":70,"column":4},"end":{"line":108,"column":5}},"27":{"start":{"line":71,"column":8},"end":{"line":73,"column":9}},"28":{"start":{"line":72,"column":12},"end":{"line":72,"column":56}},"29":{"start":{"line":75,"column":28},"end":{"line":75,"column":50}},"30":{"start":{"line":76,"column":41},"end":{"line":76,"column":52}},"31":{"start":{"line":78,"column":8},"end":{"line":80,"column":9}},"32":{"start":{"line":79,"column":12},"end":{"line":79,"column":73}},"33":{"start":{"line":83,"column":23},"end":{"line":83,"column":51}},"34":{"start":{"line":84,"column":8},"end":{"line":84,"column":38}},"35":{"start":{"line":87,"column":8},"end":{"line":87,"column":40}},"36":{"start":{"line":88,"column":8},"end":{"line":88,"column":31}},"37":{"start":{"line":89,"column":8},"end":{"line":89,"column":46}},"38":{"start":{"line":92,"column":25},"end":{"line":92,"column":73}},"39":{"start":{"line":94,"column":8},"end":{"line":97,"column":10}},"40":{"start":{"line":99,"column":8},"end":{"line":99,"column":56}},"41":{"start":{"line":100,"column":8},"end":{"line":103,"column":10}},"42":{"start":{"line":105,"column":8},"end":{"line":107,"column":9}},"43":{"start":{"line":106,"column":12},"end":{"line":106,"column":31}}},"fnMap":{"0":{"name":"(anonymous_0)","decl":{"start":{"line":4,"column":27},"end":{"line":4,"column":28}},"loc":{"start":{"line":4,"column":51},"end":{"line":6,"column":1}},"line":4},"1":{"name":"(anonymous_1)","decl":{"start":{"line":9,"column":23},"end":{"line":9,"column":24}},"loc":{"start":{"line":9,"column":49},"end":{"line":15,"column":1}},"line":9},"2":{"name":"(anonymous_2)","decl":{"start":{"line":18,"column":21},"end":{"line":18,"column":22}},"loc":{"start":{"line":18,"column":59},"end":{"line":65,"column":1}},"line":18},"3":{"name":"(anonymous_3)","decl":{"start":{"line":67,"column":23},"end":{"line":67,"column":24}},"loc":{"start":{"line":67,"column":40},"end":{"line":109,"column":1}},"line":67}},"branchMap":{"0":{"loc":{"start":{"line":11,"column":4},"end":{"line":13,"column":5}},"type":"if","locations":[{"start":{"line":11,"column":4},"end":{"line":13,"column":5}},{"start":{},"end":{}}],"line":11},"1":{"loc":{"start":{"line":25,"column":8},"end":{"line":27,"column":9}},"type":"if","locations":[{"start":{"line":25,"column":8},"end":{"line":27,"column":9}},{"start":{},"end":{}}],"line":25},"2":{"loc":{"start":{"line":32,"column":8},"end":{"line":34,"column":9}},"type":"if","locations":[{"start":{"line":32,"column":8},"end":{"line":34,"column":9}},{"start":{},"end":{}}],"line":32},"3":{"loc":{"start":{"line":41,"column":8},"end":{"line":43,"column":9}},"type":"if","locations":[{"start":{"line":41,"column":8},"end":{"line":43,"column":9}},{"start":{},"end":{}}],"line":41},"4":{"loc":{"start":{"line":71,"column":8},"end":{"line":73,"column":9}},"type":"if","locations":[{"start":{"line":71,"column":8},"end":{"line":73,"column":9}},{"start":{},"end":{}}],"line":71},"5":{"loc":{"start":{"line":78,"column":8},"end":{"line":80,"column":9}},"type":"if","locations":[{"start":{"line":78,"column":8},"end":{"line":80,"column":9}},{"start":{},"end":{}}],"line":78},"6":{"loc":{"start":{"line":78,"column":12},"end":{"line":78,"column":36}},"type":"binary-expr","locations":[{"start":{"line":78,"column":12},"end":{"line":78,"column":24}},{"start":{"line":78,"column":28},"end":{"line":78,"column":36}}],"line":78},"7":{"loc":{"start":{"line":105,"column":8},"end":{"line":107,"column":9}},"type":"if","locations":[{"start":{"line":105,"column":8},"end":{"line":107,"column":9}},{"start":{},"end":{}}],"line":105}},"s":{"0":1,"1":3,"2":1,"3":2,"4":2,"5":1,"6":1,"7":1,"8":4,"9":4,"10":4,"11":1,"12":3,"13":3,"14":1,"15":2,"16":1,"17":1,"18":1,"19":0,"20":0,"21":0,"22":0,"23":4,"24":4,"25":1,"26":6,"27":6,"28":1,"29":5,"30":5,"31":5,"32":1,"33":4,"34":4,"35":4,"36":4,"37":4,"38":4,"39":0,"40":6,"41":6,"42":6,"43":4},"f":{"0":3,"1":2,"2":4,"3":6},"b":{"0":[1,1],"1":[1,3],"2":[1,2],"3":[1,0],"4":[1,5],"5":[1,4],"6":[5,4],"7":[4,2]},"inputSourceMap":null,"_coverageSchema":"1a1c01bbd47fc00a2c39e90264f33305004495a9","hash":"dd63c7303eb1c28c9e063e5986d7a4c1ffa0054b"}
}
