{"/Users/naveed/Downloads/Capstone/siemens-game/backend/LambdaFunctionAPIs/Purchase/src/index.mjs": {"path":"/Users/naveed/Downloads/Capstone/siemens-game/backend/LambdaFunctionAPIs/Purchase/src/index.mjs","statementMap":{"0":{"start":{"line":6,"column":27},"end":{"line":8,"column":1}},"1":{"start":{"line":7,"column":4},"end":{"line":7,"column":39}},"2":{"start":{"line":11,"column":23},"end":{"line":17,"column":1}},"3":{"start":{"line":12,"column":19},"end":{"line":12,"column":89}},"4":{"start":{"line":13,"column":4},"end":{"line":15,"column":5}},"5":{"start":{"line":14,"column":8},"end":{"line":14,"column":56}},"6":{"start":{"line":16,"column":4},"end":{"line":16,"column":26}},"7":{"start":{"line":20,"column":21},"end":{"line":67,"column":1}},"8":{"start":{"line":21,"column":4},"end":{"line":66,"column":5}},"9":{"start":{"line":23,"column":27},"end":{"line":26,"column":9}},"10":{"start":{"line":27,"column":8},"end":{"line":29,"column":9}},"11":{"start":{"line":28,"column":12},"end":{"line":28,"column":78}},"12":{"start":{"line":31,"column":45},"end":{"line":31,"column":63}},"13":{"start":{"line":34,"column":8},"end":{"line":36,"column":9}},"14":{"start":{"line":35,"column":12},"end":{"line":35,"column":60}},"15":{"start":{"line":39,"column":28},"end":{"line":39,"column":64}},"16":{"start":{"line":40,"column":26},"end":{"line":40,"column":48}},"17":{"start":{"line":43,"column":8},"end":{"line":45,"column":9}},"18":{"start":{"line":44,"column":12},"end":{"line":44,"column":71}},"19":{"start":{"line":48,"column":8},"end":{"line":48,"column":35}},"20":{"start":{"line":49,"column":8},"end":{"line":49,"column":47}},"21":{"start":{"line":52,"column":8},"end":{"line":55,"column":10}},"22":{"start":{"line":57,"column":8},"end":{"line":62,"column":10}},"23":{"start":{"line":64,"column":8},"end":{"line":64,"column":53}},"24":{"start":{"line":65,"column":8},"end":{"line":65,"column":18}},"25":{"start":{"line":69,"column":23},"end":{"line":111,"column":1}},"26":{"start":{"line":72,"column":4},"end":{"line":110,"column":5}},"27":{"start":{"line":73,"column":8},"end":{"line":75,"column":9}},"28":{"start":{"line":74,"column":12},"end":{"line":74,"column":56}},"29":{"start":{"line":77,"column":28},"end":{"line":77,"column":50}},"30":{"start":{"line":78,"column":41},"end":{"line":78,"column":52}},"31":{"start":{"line":80,"column":8},"end":{"line":82,"column":9}},"32":{"start":{"line":81,"column":12},"end":{"line":81,"column":73}},"33":{"start":{"line":85,"column":23},"end":{"line":85,"column":51}},"34":{"start":{"line":86,"column":8},"end":{"line":86,"column":38}},"35":{"start":{"line":89,"column":8},"end":{"line":89,"column":40}},"36":{"start":{"line":90,"column":8},"end":{"line":90,"column":31}},"37":{"start":{"line":91,"column":8},"end":{"line":91,"column":46}},"38":{"start":{"line":94,"column":25},"end":{"line":94,"column":73}},"39":{"start":{"line":96,"column":8},"end":{"line":99,"column":10}},"40":{"start":{"line":101,"column":8},"end":{"line":101,"column":56}},"41":{"start":{"line":102,"column":8},"end":{"line":105,"column":10}},"42":{"start":{"line":107,"column":8},"end":{"line":109,"column":9}},"43":{"start":{"line":108,"column":12},"end":{"line":108,"column":31}}},"fnMap":{"0":{"name":"(anonymous_0)","decl":{"start":{"line":6,"column":27},"end":{"line":6,"column":28}},"loc":{"start":{"line":6,"column":51},"end":{"line":8,"column":1}},"line":6},"1":{"name":"(anonymous_1)","decl":{"start":{"line":11,"column":23},"end":{"line":11,"column":24}},"loc":{"start":{"line":11,"column":49},"end":{"line":17,"column":1}},"line":11},"2":{"name":"(anonymous_2)","decl":{"start":{"line":20,"column":21},"end":{"line":20,"column":22}},"loc":{"start":{"line":20,"column":59},"end":{"line":67,"column":1}},"line":20},"3":{"name":"(anonymous_3)","decl":{"start":{"line":69,"column":23},"end":{"line":69,"column":24}},"loc":{"start":{"line":69,"column":40},"end":{"line":111,"column":1}},"line":69}},"branchMap":{"0":{"loc":{"start":{"line":13,"column":4},"end":{"line":15,"column":5}},"type":"if","locations":[{"start":{"line":13,"column":4},"end":{"line":15,"column":5}},{"start":{},"end":{}}],"line":13},"1":{"loc":{"start":{"line":27,"column":8},"end":{"line":29,"column":9}},"type":"if","locations":[{"start":{"line":27,"column":8},"end":{"line":29,"column":9}},{"start":{},"end":{}}],"line":27},"2":{"loc":{"start":{"line":34,"column":8},"end":{"line":36,"column":9}},"type":"if","locations":[{"start":{"line":34,"column":8},"end":{"line":36,"column":9}},{"start":{},"end":{}}],"line":34},"3":{"loc":{"start":{"line":43,"column":8},"end":{"line":45,"column":9}},"type":"if","locations":[{"start":{"line":43,"column":8},"end":{"line":45,"column":9}},{"start":{},"end":{}}],"line":43},"4":{"loc":{"start":{"line":73,"column":8},"end":{"line":75,"column":9}},"type":"if","locations":[{"start":{"line":73,"column":8},"end":{"line":75,"column":9}},{"start":{},"end":{}}],"line":73},"5":{"loc":{"start":{"line":80,"column":8},"end":{"line":82,"column":9}},"type":"if","locations":[{"start":{"line":80,"column":8},"end":{"line":82,"column":9}},{"start":{},"end":{}}],"line":80},"6":{"loc":{"start":{"line":80,"column":12},"end":{"line":80,"column":36}},"type":"binary-expr","locations":[{"start":{"line":80,"column":12},"end":{"line":80,"column":24}},{"start":{"line":80,"column":28},"end":{"line":80,"column":36}}],"line":80},"7":{"loc":{"start":{"line":107,"column":8},"end":{"line":109,"column":9}},"type":"if","locations":[{"start":{"line":107,"column":8},"end":{"line":109,"column":9}},{"start":{},"end":{}}],"line":107}},"s":{"0":1,"1":3,"2":1,"3":2,"4":2,"5":1,"6":1,"7":1,"8":4,"9":4,"10":4,"11":1,"12":3,"13":3,"14":1,"15":2,"16":1,"17":1,"18":1,"19":0,"20":0,"21":0,"22":0,"23":4,"24":4,"25":1,"26":6,"27":6,"28":1,"29":5,"30":5,"31":5,"32":1,"33":4,"34":4,"35":4,"36":4,"37":4,"38":4,"39":0,"40":6,"41":6,"42":6,"43":4},"f":{"0":3,"1":2,"2":4,"3":6},"b":{"0":[1,1],"1":[1,3],"2":[1,2],"3":[1,0],"4":[1,5],"5":[1,4],"6":[5,4],"7":[4,2]},"inputSourceMap":null,"_coverageSchema":"1a1c01bbd47fc00a2c39e90264f33305004495a9","hash":"ccccc6bab887451abf7b1180526f1ce2908e7688"}
}
