TN:
SF:src/index.mjs
FN:6,(anonymous_0)
FN:11,(anonymous_1)
FN:20,(anonymous_2)
FN:69,(anonymous_3)
FNF:4
FNH:4
FNDA:3,(anonymous_0)
FNDA:2,(anonymous_1)
FNDA:4,(anonymous_2)
FNDA:6,(anonymous_3)
DA:6,1
DA:7,3
DA:11,1
DA:12,2
DA:13,2
DA:14,1
DA:16,1
DA:20,1
DA:21,4
DA:23,4
DA:27,4
DA:28,1
DA:31,3
DA:34,3
DA:35,1
DA:39,2
DA:40,1
DA:43,1
DA:44,1
DA:48,0
DA:49,0
DA:52,0
DA:57,0
DA:64,4
DA:65,4
DA:69,1
DA:72,6
DA:73,6
DA:74,1
DA:77,5
DA:78,5
DA:80,5
DA:81,1
DA:85,4
DA:86,4
DA:89,4
DA:90,4
DA:91,4
DA:94,4
DA:96,0
DA:101,6
DA:102,6
DA:107,6
DA:108,4
LF:44
LH:39
BRDA:13,0,0,1
BRDA:13,0,1,1
BRDA:27,1,0,1
BRDA:27,1,1,3
BRDA:34,2,0,1
BRDA:34,2,1,2
BRDA:43,3,0,1
BRDA:43,3,1,0
BRDA:73,4,0,1
BRDA:73,4,1,5
BRDA:80,5,0,1
BRDA:80,5,1,4
BRDA:80,6,0,5
BRDA:80,6,1,4
BRDA:107,7,0,4
BRDA:107,7,1,2
BRF:16
BRH:15
end_of_record
