TN:
SF:src/index.mjs
FN:4,(anonymous_0)
FN:9,(anonymous_1)
FN:18,(anonymous_2)
FN:67,(anonymous_3)
FNF:4
FNH:4
FNDA:3,(anonymous_0)
FNDA:2,(anonymous_1)
FNDA:4,(anonymous_2)
FNDA:6,(anonymous_3)
DA:4,1
DA:5,3
DA:9,1
DA:10,2
DA:11,2
DA:12,1
DA:14,1
DA:18,1
DA:19,4
DA:21,4
DA:25,4
DA:26,1
DA:29,3
DA:32,3
DA:33,1
DA:37,2
DA:38,1
DA:41,1
DA:42,1
DA:46,0
DA:47,0
DA:50,0
DA:55,0
DA:62,4
DA:63,4
DA:67,1
DA:70,6
DA:71,6
DA:72,1
DA:75,5
DA:76,5
DA:78,5
DA:79,1
DA:83,4
DA:84,4
DA:87,4
DA:88,4
DA:89,4
DA:92,4
DA:94,0
DA:99,6
DA:100,6
DA:105,6
DA:106,4
LF:44
LH:39
BRDA:11,0,0,1
BRDA:11,0,1,1
BRDA:25,1,0,1
BRDA:25,1,1,3
BRDA:32,2,0,1
BRDA:32,2,1,2
BRDA:41,3,0,1
BRDA:41,3,1,0
BRDA:71,4,0,1
BRDA:71,4,1,5
BRDA:78,5,0,1
BRDA:78,5,1,4
BRDA:78,6,0,5
BRDA:78,6,1,4
BRDA:105,7,0,4
BRDA:105,7,1,2
BRF:16
BRH:15
end_of_record
