<?xml version="1.0" encoding="UTF-8"?>
<coverage generated="1733111898757" clover="3.2.0">
  <project timestamp="1733111898757" name="All files">
    <metrics statements="30" coveredstatements="27" conditionals="8" coveredconditionals="7" methods="3" coveredmethods="3" elements="41" coveredelements="37" complexity="0" loc="30" ncloc="30" packages="1" files="1" classes="1"/>
    <file name="index.mjs" path="/Users/naveed/Downloads/Capstone/siemens-game/backend/LambdaFunctionAPIs/playerDataUpload/src/index.mjs">
      <metrics statements="30" coveredstatements="27" conditionals="8" coveredconditionals="7" methods="3" coveredmethods="3"/>
      <line num="5" count="1" type="stmt"/>
      <line num="6" count="1" type="stmt"/>
      <line num="23" count="1" type="stmt"/>
      <line num="38" count="1" type="stmt"/>
      <line num="39" count="1" type="cond" truecount="1" falsecount="1"/>
      <line num="40" count="1" type="stmt"/>
      <line num="43" count="0" type="stmt"/>
      <line num="44" count="0" type="stmt"/>
      <line num="47" count="1" type="stmt"/>
      <line num="48" count="3" type="cond" truecount="2" falsecount="0"/>
      <line num="49" count="1" type="stmt"/>
      <line num="52" count="2" type="stmt"/>
      <line num="66" count="2" type="stmt"/>
      <line num="68" count="2" type="cond" truecount="2" falsecount="0"/>
      <line num="69" count="1" type="stmt"/>
      <line num="72" count="1" type="stmt"/>
      <line num="88" count="1" type="stmt"/>
      <line num="91" count="3" type="stmt"/>
      <line num="106" count="3" type="stmt"/>
      <line num="109" count="1" type="stmt"/>
      <line num="110" count="1" type="stmt"/>
      <line num="113" count="1" type="stmt"/>
      <line num="114" count="1" type="stmt"/>
      <line num="115" count="1" type="stmt"/>
      <line num="118" count="1" type="stmt"/>
      <line num="135" count="0" type="stmt"/>
      <line num="143" count="3" type="stmt"/>
      <line num="144" count="3" type="stmt"/>
      <line num="149" count="3" type="cond" truecount="2" falsecount="0"/>
      <line num="150" count="1" type="stmt"/>
    </file>
  </project>
</coverage>
