{"/Users/naveed/Downloads/Capstone/siemens-game/backend/LambdaFunctionAPIs/playerDataUpload/src/index.mjs": {"path":"/Users/naveed/Downloads/Capstone/siemens-game/backend/LambdaFunctionAPIs/playerDataUpload/src/index.mjs","statementMap":{"0":{"start":{"line":5,"column":25},"end":{"line":45,"column":1}},"1":{"start":{"line":6,"column":18},"end":{"line":22,"column":5}},"2":{"start":{"line":23,"column":19},"end":{"line":36,"column":5}},"3":{"start":{"line":38,"column":19},"end":{"line":38,"column":52}},"4":{"start":{"line":39,"column":4},"end":{"line":41,"column":5}},"5":{"start":{"line":40,"column":8},"end":{"line":40,"column":66}},"6":{"start":{"line":43,"column":4},"end":{"line":43,"column":78}},"7":{"start":{"line":44,"column":4},"end":{"line":44,"column":26}},"8":{"start":{"line":47,"column":19},"end":{"line":86,"column":1}},"9":{"start":{"line":48,"column":4},"end":{"line":50,"column":5}},"10":{"start":{"line":49,"column":8},"end":{"line":49,"column":52}},"11":{"start":{"line":52,"column":24},"end":{"line":52,"column":46}},"12":{"start":{"line":66,"column":8},"end":{"line":66,"column":19}},"13":{"start":{"line":68,"column":4},"end":{"line":70,"column":5}},"14":{"start":{"line":69,"column":8},"end":{"line":69,"column":64}},"15":{"start":{"line":72,"column":4},"end":{"line":85,"column":6}},"16":{"start":{"line":88,"column":23},"end":{"line":153,"column":1}},"17":{"start":{"line":91,"column":4},"end":{"line":152,"column":5}},"18":{"start":{"line":106,"column":12},"end":{"line":106,"column":29}},"19":{"start":{"line":109,"column":23},"end":{"line":109,"column":51}},"20":{"start":{"line":110,"column":8},"end":{"line":110,"column":38}},"21":{"start":{"line":113,"column":8},"end":{"line":113,"column":40}},"22":{"start":{"line":114,"column":8},"end":{"line":114,"column":31}},"23":{"start":{"line":115,"column":8},"end":{"line":115,"column":46}},"24":{"start":{"line":118,"column":28},"end":{"line":132,"column":9}},"25":{"start":{"line":135,"column":8},"end":{"line":141,"column":10}},"26":{"start":{"line":143,"column":8},"end":{"line":143,"column":56}},"27":{"start":{"line":144,"column":8},"end":{"line":147,"column":10}},"28":{"start":{"line":149,"column":8},"end":{"line":151,"column":9}},"29":{"start":{"line":150,"column":12},"end":{"line":150,"column":31}}},"fnMap":{"0":{"name":"(anonymous_0)","decl":{"start":{"line":5,"column":25},"end":{"line":5,"column":26}},"loc":{"start":{"line":5,"column":222},"end":{"line":45,"column":1}},"line":5},"1":{"name":"(anonymous_1)","decl":{"start":{"line":47,"column":19},"end":{"line":47,"column":20}},"loc":{"start":{"line":47,"column":30},"end":{"line":86,"column":1}},"line":47},"2":{"name":"(anonymous_2)","decl":{"start":{"line":88,"column":23},"end":{"line":88,"column":24}},"loc":{"start":{"line":88,"column":40},"end":{"line":153,"column":1}},"line":88}},"branchMap":{"0":{"loc":{"start":{"line":39,"column":4},"end":{"line":41,"column":5}},"type":"if","locations":[{"start":{"line":39,"column":4},"end":{"line":41,"column":5}},{"start":{},"end":{}}],"line":39},"1":{"loc":{"start":{"line":48,"column":4},"end":{"line":50,"column":5}},"type":"if","locations":[{"start":{"line":48,"column":4},"end":{"line":50,"column":5}},{"start":{},"end":{}}],"line":48},"2":{"loc":{"start":{"line":68,"column":4},"end":{"line":70,"column":5}},"type":"if","locations":[{"start":{"line":68,"column":4},"end":{"line":70,"column":5}},{"start":{},"end":{}}],"line":68},"3":{"loc":{"start":{"line":149,"column":8},"end":{"line":151,"column":9}},"type":"if","locations":[{"start":{"line":149,"column":8},"end":{"line":151,"column":9}},{"start":{},"end":{}}],"line":149}},"s":{"0":1,"1":1,"2":1,"3":1,"4":1,"5":1,"6":0,"7":0,"8":1,"9":3,"10":1,"11":2,"12":2,"13":2,"14":1,"15":1,"16":1,"17":3,"18":3,"19":1,"20":1,"21":1,"22":1,"23":1,"24":1,"25":0,"26":3,"27":3,"28":3,"29":1},"f":{"0":1,"1":3,"2":3},"b":{"0":[1,0],"1":[1,2],"2":[1,1],"3":[1,2]},"inputSourceMap":null,"_coverageSchema":"1a1c01bbd47fc00a2c39e90264f33305004495a9","hash":"4e4c407209d59b2884296aa1bc74a13420dc1fe7"}
}
