TN:
SF:src/index.mjs
FN:5,(anonymous_0)
FN:47,(anonymous_1)
FN:88,(anonymous_2)
FNF:3
FNH:3
FNDA:1,(anonymous_0)
FNDA:3,(anonymous_1)
FNDA:3,(anonymous_2)
DA:5,1
DA:6,1
DA:23,1
DA:38,1
DA:39,1
DA:40,1
DA:43,0
DA:44,0
DA:47,1
DA:48,3
DA:49,1
DA:52,2
DA:66,2
DA:68,2
DA:69,1
DA:72,1
DA:88,1
DA:91,3
DA:106,3
DA:109,1
DA:110,1
DA:113,1
DA:114,1
DA:115,1
DA:118,1
DA:135,0
DA:143,3
DA:144,3
DA:149,3
DA:150,1
LF:30
LH:27
BRDA:39,0,0,1
BRDA:39,0,1,0
BRDA:48,1,0,1
BRDA:48,1,1,2
BRDA:68,2,0,1
BRDA:68,2,1,1
BRDA:149,3,0,1
BRDA:149,3,1,2
BRF:8
BRH:7
end_of_record
