{"/Users/naveed/Downloads/Capstone/siemens-game/backend/LambdaFunctionAPIs/Login/src/index.mjs": {"path":"/Users/naveed/Downloads/Capstone/siemens-game/backend/LambdaFunctionAPIs/Login/src/index.mjs","statementMap":{"0":{"start":{"line":5,"column":33},"end":{"line":16,"column":1}},"1":{"start":{"line":6,"column":18},"end":{"line":6,"column":83}},"2":{"start":{"line":7,"column":19},"end":{"line":7,"column":45}},"3":{"start":{"line":8,"column":19},"end":{"line":8,"column":52}},"4":{"start":{"line":9,"column":4},"end":{"line":9,"column":71}},"5":{"start":{"line":11,"column":4},"end":{"line":15,"column":5}},"6":{"start":{"line":12,"column":8},"end":{"line":12,"column":30}},"7":{"start":{"line":14,"column":8},"end":{"line":14,"column":48}},"8":{"start":{"line":18,"column":19},"end":{"line":35,"column":1}},"9":{"start":{"line":19,"column":23},"end":{"line":19,"column":67}},"10":{"start":{"line":20,"column":19},"end":{"line":20,"column":64}},"11":{"start":{"line":22,"column":4},"end":{"line":24,"column":5}},"12":{"start":{"line":23,"column":8},"end":{"line":23,"column":55}},"13":{"start":{"line":26,"column":24},"end":{"line":29,"column":20}},"14":{"start":{"line":30,"column":19},"end":{"line":30,"column":76}},"15":{"start":{"line":32,"column":25},"end":{"line":32,"column":64}},"16":{"start":{"line":33,"column":4},"end":{"line":33,"column":61}},"17":{"start":{"line":34,"column":4},"end":{"line":34,"column":32}},"18":{"start":{"line":37,"column":19},"end":{"line":50,"column":1}},"19":{"start":{"line":38,"column":4},"end":{"line":40,"column":5}},"20":{"start":{"line":39,"column":8},"end":{"line":39,"column":52}},"21":{"start":{"line":42,"column":24},"end":{"line":42,"column":46}},"22":{"start":{"line":43,"column":54},"end":{"line":43,"column":65}},"23":{"start":{"line":45,"column":4},"end":{"line":47,"column":5}},"24":{"start":{"line":46,"column":8},"end":{"line":46,"column":84}},"25":{"start":{"line":49,"column":4},"end":{"line":49,"column":53}},"26":{"start":{"line":52,"column":23},"end":{"line":104,"column":1}},"27":{"start":{"line":55,"column":4},"end":{"line":103,"column":5}},"28":{"start":{"line":57,"column":58},"end":{"line":57,"column":75}},"29":{"start":{"line":60,"column":23},"end":{"line":60,"column":51}},"30":{"start":{"line":61,"column":8},"end":{"line":61,"column":38}},"31":{"start":{"line":64,"column":8},"end":{"line":64,"column":40}},"32":{"start":{"line":65,"column":8},"end":{"line":65,"column":31}},"33":{"start":{"line":66,"column":8},"end":{"line":66,"column":46}},"34":{"start":{"line":69,"column":8},"end":{"line":75,"column":9}},"35":{"start":{"line":71,"column":12},"end":{"line":71,"column":83}},"36":{"start":{"line":74,"column":12},"end":{"line":74,"column":84}},"37":{"start":{"line":78,"column":8},"end":{"line":92,"column":10}},"38":{"start":{"line":94,"column":8},"end":{"line":94,"column":56}},"39":{"start":{"line":95,"column":8},"end":{"line":98,"column":10}},"40":{"start":{"line":100,"column":8},"end":{"line":102,"column":9}},"41":{"start":{"line":101,"column":12},"end":{"line":101,"column":31}}},"fnMap":{"0":{"name":"(anonymous_0)","decl":{"start":{"line":5,"column":33},"end":{"line":5,"column":34}},"loc":{"start":{"line":5,"column":77},"end":{"line":16,"column":1}},"line":5},"1":{"name":"(anonymous_1)","decl":{"start":{"line":18,"column":19},"end":{"line":18,"column":20}},"loc":{"start":{"line":18,"column":76},"end":{"line":35,"column":1}},"line":18},"2":{"name":"(anonymous_2)","decl":{"start":{"line":37,"column":19},"end":{"line":37,"column":20}},"loc":{"start":{"line":37,"column":30},"end":{"line":50,"column":1}},"line":37},"3":{"name":"(anonymous_3)","decl":{"start":{"line":52,"column":23},"end":{"line":52,"column":24}},"loc":{"start":{"line":52,"column":40},"end":{"line":104,"column":1}},"line":52}},"branchMap":{"0":{"loc":{"start":{"line":11,"column":4},"end":{"line":15,"column":5}},"type":"if","locations":[{"start":{"line":11,"column":4},"end":{"line":15,"column":5}},{"start":{"line":13,"column":11},"end":{"line":15,"column":5}}],"line":11},"1":{"loc":{"start":{"line":22,"column":4},"end":{"line":24,"column":5}},"type":"if","locations":[{"start":{"line":22,"column":4},"end":{"line":24,"column":5}},{"start":{},"end":{}}],"line":22},"2":{"loc":{"start":{"line":38,"column":4},"end":{"line":40,"column":5}},"type":"if","locations":[{"start":{"line":38,"column":4},"end":{"line":40,"column":5}},{"start":{},"end":{}}],"line":38},"3":{"loc":{"start":{"line":45,"column":4},"end":{"line":47,"column":5}},"type":"if","locations":[{"start":{"line":45,"column":4},"end":{"line":47,"column":5}},{"start":{},"end":{}}],"line":45},"4":{"loc":{"start":{"line":45,"column":8},"end":{"line":45,"column":36}},"type":"binary-expr","locations":[{"start":{"line":45,"column":8},"end":{"line":45,"column":18}},{"start":{"line":45,"column":22},"end":{"line":45,"column":36}}],"line":45},"5":{"loc":{"start":{"line":69,"column":8},"end":{"line":75,"column":9}},"type":"if","locations":[{"start":{"line":69,"column":8},"end":{"line":75,"column":9}},{"start":{"line":72,"column":15},"end":{"line":75,"column":9}}],"line":69},"6":{"loc":{"start":{"line":81,"column":25},"end":{"line":81,"column":79}},"type":"cond-expr","locations":[{"start":{"line":81,"column":39},"end":{"line":81,"column":58}},{"start":{"line":81,"column":61},"end":{"line":81,"column":79}}],"line":81},"7":{"loc":{"start":{"line":100,"column":8},"end":{"line":102,"column":9}},"type":"if","locations":[{"start":{"line":100,"column":8},"end":{"line":102,"column":9}},{"start":{},"end":{}}],"line":100}},"s":{"0":1,"1":2,"2":2,"3":2,"4":2,"5":2,"6":0,"7":2,"8":1,"9":1,"10":1,"11":1,"12":1,"13":0,"14":0,"15":0,"16":0,"17":0,"18":1,"19":5,"20":1,"21":4,"22":4,"23":4,"24":1,"25":3,"26":1,"27":5,"28":5,"29":3,"30":3,"31":3,"32":3,"33":3,"34":3,"35":1,"36":2,"37":0,"38":5,"39":5,"40":5,"41":3},"f":{"0":2,"1":1,"2":5,"3":5},"b":{"0":[0,2],"1":[1,0],"2":[1,4],"3":[1,3],"4":[4,3],"5":[1,2],"6":[0,0],"7":[3,2]},"inputSourceMap":null,"_coverageSchema":"1a1c01bbd47fc00a2c39e90264f33305004495a9","hash":"36945c08ca7999a49526630dbc8d5573f56c20cd"}
}
