{"/Users/naveed/Downloads/Capstone/siemens-game/backend/LambdaFunctionAPIs/Login/src/index.mjs": {"path":"/Users/naveed/Downloads/Capstone/siemens-game/backend/LambdaFunctionAPIs/Login/src/index.mjs","statementMap":{"0":{"start":{"line":5,"column":33},"end":{"line":19,"column":1}},"1":{"start":{"line":6,"column":18},"end":{"line":9,"column":5}},"2":{"start":{"line":10,"column":19},"end":{"line":10,"column":45}},"3":{"start":{"line":11,"column":19},"end":{"line":11,"column":52}},"4":{"start":{"line":12,"column":4},"end":{"line":12,"column":71}},"5":{"start":{"line":14,"column":4},"end":{"line":18,"column":5}},"6":{"start":{"line":15,"column":8},"end":{"line":15,"column":30}},"7":{"start":{"line":17,"column":8},"end":{"line":17,"column":48}},"8":{"start":{"line":21,"column":19},"end":{"line":87,"column":1}},"9":{"start":{"line":23,"column":23},"end":{"line":26,"column":5}},"10":{"start":{"line":27,"column":19},"end":{"line":27,"column":64}},"11":{"start":{"line":29,"column":4},"end":{"line":31,"column":5}},"12":{"start":{"line":30,"column":8},"end":{"line":30,"column":55}},"13":{"start":{"line":33,"column":31},"end":{"line":36,"column":5}},"14":{"start":{"line":37,"column":32},"end":{"line":37,"column":85}},"15":{"start":{"line":39,"column":4},"end":{"line":41,"column":5}},"16":{"start":{"line":40,"column":8},"end":{"line":40,"column":76}},"17":{"start":{"line":43,"column":24},"end":{"line":65,"column":5}},"18":{"start":{"line":66,"column":19},"end":{"line":82,"column":5}},"19":{"start":{"line":84,"column":25},"end":{"line":84,"column":64}},"20":{"start":{"line":85,"column":4},"end":{"line":85,"column":61}},"21":{"start":{"line":86,"column":4},"end":{"line":86,"column":32}},"22":{"start":{"line":89,"column":19},"end":{"line":110,"column":1}},"23":{"start":{"line":90,"column":4},"end":{"line":92,"column":5}},"24":{"start":{"line":91,"column":8},"end":{"line":91,"column":52}},"25":{"start":{"line":94,"column":24},"end":{"line":94,"column":46}},"26":{"start":{"line":99,"column":8},"end":{"line":99,"column":19}},"27":{"start":{"line":101,"column":4},"end":{"line":103,"column":5}},"28":{"start":{"line":102,"column":8},"end":{"line":102,"column":84}},"29":{"start":{"line":105,"column":4},"end":{"line":109,"column":6}},"30":{"start":{"line":112,"column":23},"end":{"line":176,"column":1}},"31":{"start":{"line":115,"column":4},"end":{"line":175,"column":5}},"32":{"start":{"line":121,"column":12},"end":{"line":121,"column":29}},"33":{"start":{"line":124,"column":23},"end":{"line":124,"column":51}},"34":{"start":{"line":125,"column":8},"end":{"line":125,"column":38}},"35":{"start":{"line":128,"column":8},"end":{"line":128,"column":40}},"36":{"start":{"line":129,"column":8},"end":{"line":129,"column":31}},"37":{"start":{"line":130,"column":8},"end":{"line":130,"column":46}},"38":{"start":{"line":133,"column":8},"end":{"line":139,"column":9}},"39":{"start":{"line":135,"column":12},"end":{"line":135,"column":83}},"40":{"start":{"line":138,"column":12},"end":{"line":138,"column":84}},"41":{"start":{"line":142,"column":8},"end":{"line":164,"column":10}},"42":{"start":{"line":166,"column":8},"end":{"line":166,"column":56}},"43":{"start":{"line":167,"column":8},"end":{"line":170,"column":10}},"44":{"start":{"line":172,"column":8},"end":{"line":174,"column":9}},"45":{"start":{"line":173,"column":12},"end":{"line":173,"column":31}}},"fnMap":{"0":{"name":"(anonymous_0)","decl":{"start":{"line":5,"column":33},"end":{"line":5,"column":34}},"loc":{"start":{"line":5,"column":77},"end":{"line":19,"column":1}},"line":5},"1":{"name":"(anonymous_1)","decl":{"start":{"line":21,"column":19},"end":{"line":21,"column":20}},"loc":{"start":{"line":21,"column":76},"end":{"line":87,"column":1}},"line":21},"2":{"name":"(anonymous_2)","decl":{"start":{"line":89,"column":19},"end":{"line":89,"column":20}},"loc":{"start":{"line":89,"column":30},"end":{"line":110,"column":1}},"line":89},"3":{"name":"(anonymous_3)","decl":{"start":{"line":112,"column":23},"end":{"line":112,"column":24}},"loc":{"start":{"line":112,"column":40},"end":{"line":176,"column":1}},"line":112}},"branchMap":{"0":{"loc":{"start":{"line":14,"column":4},"end":{"line":18,"column":5}},"type":"if","locations":[{"start":{"line":14,"column":4},"end":{"line":18,"column":5}},{"start":{"line":16,"column":11},"end":{"line":18,"column":5}}],"line":14},"1":{"loc":{"start":{"line":29,"column":4},"end":{"line":31,"column":5}},"type":"if","locations":[{"start":{"line":29,"column":4},"end":{"line":31,"column":5}},{"start":{},"end":{}}],"line":29},"2":{"loc":{"start":{"line":39,"column":4},"end":{"line":41,"column":5}},"type":"if","locations":[{"start":{"line":39,"column":4},"end":{"line":41,"column":5}},{"start":{},"end":{}}],"line":39},"3":{"loc":{"start":{"line":90,"column":4},"end":{"line":92,"column":5}},"type":"if","locations":[{"start":{"line":90,"column":4},"end":{"line":92,"column":5}},{"start":{},"end":{}}],"line":90},"4":{"loc":{"start":{"line":101,"column":4},"end":{"line":103,"column":5}},"type":"if","locations":[{"start":{"line":101,"column":4},"end":{"line":103,"column":5}},{"start":{},"end":{}}],"line":101},"5":{"loc":{"start":{"line":101,"column":8},"end":{"line":101,"column":36}},"type":"binary-expr","locations":[{"start":{"line":101,"column":8},"end":{"line":101,"column":18}},{"start":{"line":101,"column":22},"end":{"line":101,"column":36}}],"line":101},"6":{"loc":{"start":{"line":133,"column":8},"end":{"line":139,"column":9}},"type":"if","locations":[{"start":{"line":133,"column":8},"end":{"line":139,"column":9}},{"start":{"line":136,"column":15},"end":{"line":139,"column":9}}],"line":133},"7":{"loc":{"start":{"line":145,"column":25},"end":{"line":145,"column":79}},"type":"cond-expr","locations":[{"start":{"line":145,"column":39},"end":{"line":145,"column":58}},{"start":{"line":145,"column":61},"end":{"line":145,"column":79}}],"line":145},"8":{"loc":{"start":{"line":172,"column":8},"end":{"line":174,"column":9}},"type":"if","locations":[{"start":{"line":172,"column":8},"end":{"line":174,"column":9}},{"start":{},"end":{}}],"line":172}},"s":{"0":1,"1":2,"2":2,"3":2,"4":2,"5":2,"6":0,"7":2,"8":1,"9":1,"10":1,"11":1,"12":1,"13":0,"14":0,"15":0,"16":0,"17":0,"18":0,"19":0,"20":0,"21":0,"22":1,"23":5,"24":1,"25":4,"26":4,"27":4,"28":1,"29":3,"30":1,"31":5,"32":5,"33":3,"34":3,"35":3,"36":3,"37":3,"38":3,"39":1,"40":2,"41":0,"42":5,"43":5,"44":5,"45":3},"f":{"0":2,"1":1,"2":5,"3":5},"b":{"0":[0,2],"1":[1,0],"2":[0,0],"3":[1,4],"4":[1,3],"5":[4,3],"6":[1,2],"7":[0,0],"8":[3,2]},"inputSourceMap":null,"_coverageSchema":"1a1c01bbd47fc00a2c39e90264f33305004495a9","hash":"8cd3099fc72233e42e2ae216ea47347aac086465"}
}
