TN:
SF:src/index.mjs
FN:3,(anonymous_0)
FN:16,(anonymous_1)
FN:35,(anonymous_2)
FN:50,(anonymous_3)
FNF:4
FNH:4
FNDA:2,(anonymous_0)
FNDA:1,(anonymous_1)
FNDA:5,(anonymous_2)
FNDA:5,(anonymous_3)
DA:3,1
DA:4,2
DA:5,2
DA:6,2
DA:7,2
DA:9,2
DA:10,0
DA:12,2
DA:16,1
DA:17,1
DA:18,1
DA:20,1
DA:21,1
DA:24,0
DA:28,0
DA:30,0
DA:31,0
DA:32,0
DA:35,1
DA:36,5
DA:37,1
DA:40,4
DA:41,4
DA:43,4
DA:44,1
DA:47,3
DA:50,1
DA:53,5
DA:55,5
DA:58,3
DA:59,3
DA:62,3
DA:63,3
DA:64,3
DA:67,3
DA:69,1
DA:72,2
DA:76,0
DA:92,5
DA:93,5
DA:98,5
DA:99,3
LF:42
LH:35
BRDA:9,0,0,0
BRDA:9,0,1,2
BRDA:20,1,0,1
BRDA:20,1,1,0
BRDA:36,2,0,1
BRDA:36,2,1,4
BRDA:43,3,0,1
BRDA:43,3,1,3
BRDA:43,4,0,4
BRDA:43,4,1,3
BRDA:67,5,0,1
BRDA:67,5,1,2
BRDA:79,6,0,0
BRDA:79,6,1,0
BRDA:98,7,0,3
BRDA:98,7,1,2
BRF:16
BRH:12
end_of_record
