TN:
SF:src/index.mjs
FN:5,(anonymous_0)
FN:21,(anonymous_1)
FN:89,(anonymous_2)
FN:112,(anonymous_3)
FNF:4
FNH:4
FNDA:2,(anonymous_0)
FNDA:1,(anonymous_1)
FNDA:5,(anonymous_2)
FNDA:5,(anonymous_3)
DA:5,1
DA:6,2
DA:10,2
DA:11,2
DA:12,2
DA:14,2
DA:15,0
DA:17,2
DA:21,1
DA:23,1
DA:27,1
DA:29,1
DA:30,1
DA:33,0
DA:37,0
DA:39,0
DA:40,0
DA:43,0
DA:66,0
DA:84,0
DA:85,0
DA:86,0
DA:89,1
DA:90,5
DA:91,1
DA:94,4
DA:99,4
DA:101,4
DA:102,1
DA:105,3
DA:112,1
DA:115,5
DA:121,5
DA:124,3
DA:125,3
DA:128,3
DA:129,3
DA:130,3
DA:133,3
DA:135,1
DA:138,2
DA:142,0
DA:166,5
DA:167,5
DA:172,5
DA:173,3
LF:46
LH:35
BRDA:14,0,0,0
BRDA:14,0,1,2
BRDA:29,1,0,1
BRDA:29,1,1,0
BRDA:39,2,0,0
BRDA:39,2,1,0
BRDA:90,3,0,1
BRDA:90,3,1,4
BRDA:101,4,0,1
BRDA:101,4,1,3
BRDA:101,5,0,4
BRDA:101,5,1,3
BRDA:133,6,0,1
BRDA:133,6,1,2
BRDA:145,7,0,0
BRDA:145,7,1,0
BRDA:172,8,0,3
BRDA:172,8,1,2
BRF:18
BRH:12
end_of_record
