{"/Users/naveed/Downloads/Capstone/siemens-game/backend/LambdaFunctionAPIs/Leaderboard/src/index.mjs": {"path":"/Users/naveed/Downloads/Capstone/siemens-game/backend/LambdaFunctionAPIs/Leaderboard/src/index.mjs","statementMap":{"0":{"start":{"line":4,"column":27},"end":{"line":23,"column":1}},"1":{"start":{"line":5,"column":4},"end":{"line":22,"column":5}},"2":{"start":{"line":6,"column":26},"end":{"line":6,"column":73}},"3":{"start":{"line":8,"column":22},"end":{"line":15,"column":9}},"4":{"start":{"line":17,"column":23},"end":{"line":17,"column":58}},"5":{"start":{"line":18,"column":8},"end":{"line":18,"column":27}},"6":{"start":{"line":20,"column":8},"end":{"line":20,"column":65}},"7":{"start":{"line":21,"column":8},"end":{"line":21,"column":18}},"8":{"start":{"line":25,"column":23},"end":{"line":67,"column":1}},"9":{"start":{"line":28,"column":4},"end":{"line":66,"column":5}},"10":{"start":{"line":29,"column":8},"end":{"line":31,"column":9}},"11":{"start":{"line":30,"column":12},"end":{"line":30,"column":56}},"12":{"start":{"line":33,"column":28},"end":{"line":33,"column":50}},"13":{"start":{"line":34,"column":28},"end":{"line":34,"column":39}},"14":{"start":{"line":36,"column":8},"end":{"line":38,"column":9}},"15":{"start":{"line":37,"column":12},"end":{"line":37,"column":62}},"16":{"start":{"line":41,"column":23},"end":{"line":41,"column":51}},"17":{"start":{"line":42,"column":8},"end":{"line":42,"column":38}},"18":{"start":{"line":45,"column":8},"end":{"line":45,"column":40}},"19":{"start":{"line":46,"column":8},"end":{"line":46,"column":31}},"20":{"start":{"line":47,"column":8},"end":{"line":47,"column":46}},"21":{"start":{"line":50,"column":26},"end":{"line":50,"column":78}},"22":{"start":{"line":52,"column":8},"end":{"line":55,"column":10}},"23":{"start":{"line":57,"column":8},"end":{"line":57,"column":59}},"24":{"start":{"line":58,"column":8},"end":{"line":61,"column":10}},"25":{"start":{"line":63,"column":8},"end":{"line":65,"column":9}},"26":{"start":{"line":64,"column":12},"end":{"line":64,"column":31}}},"fnMap":{"0":{"name":"(anonymous_0)","decl":{"start":{"line":4,"column":27},"end":{"line":4,"column":28}},"loc":{"start":{"line":4,"column":80},"end":{"line":23,"column":1}},"line":4},"1":{"name":"(anonymous_1)","decl":{"start":{"line":25,"column":23},"end":{"line":25,"column":24}},"loc":{"start":{"line":25,"column":67},"end":{"line":67,"column":1}},"line":25}},"branchMap":{"0":{"loc":{"start":{"line":4,"column":50},"end":{"line":4,"column":75}},"type":"default-arg","locations":[{"start":{"line":4,"column":62},"end":{"line":4,"column":75}}],"line":4},"1":{"loc":{"start":{"line":6,"column":26},"end":{"line":6,"column":73}},"type":"cond-expr","locations":[{"start":{"line":6,"column":59},"end":{"line":6,"column":64}},{"start":{"line":6,"column":67},"end":{"line":6,"column":73}}],"line":6},"2":{"loc":{"start":{"line":6,"column":27},"end":{"line":6,"column":55}},"type":"binary-expr","locations":[{"start":{"line":6,"column":27},"end":{"line":6,"column":39}},{"start":{"line":6,"column":43},"end":{"line":6,"column":55}}],"line":6},"3":{"loc":{"start":{"line":25,"column":37},"end":{"line":25,"column":62}},"type":"default-arg","locations":[{"start":{"line":25,"column":49},"end":{"line":25,"column":62}}],"line":25},"4":{"loc":{"start":{"line":29,"column":8},"end":{"line":31,"column":9}},"type":"if","locations":[{"start":{"line":29,"column":8},"end":{"line":31,"column":9}},{"start":{},"end":{}}],"line":29},"5":{"loc":{"start":{"line":36,"column":8},"end":{"line":38,"column":9}},"type":"if","locations":[{"start":{"line":36,"column":8},"end":{"line":38,"column":9}},{"start":{},"end":{}}],"line":36},"6":{"loc":{"start":{"line":63,"column":8},"end":{"line":65,"column":9}},"type":"if","locations":[{"start":{"line":63,"column":8},"end":{"line":65,"column":9}},{"start":{},"end":{}}],"line":63}},"s":{"0":1,"1":2,"2":2,"3":2,"4":2,"5":2,"6":0,"7":0,"8":1,"9":3,"10":3,"11":0,"12":3,"13":3,"14":3,"15":1,"16":2,"17":2,"18":2,"19":2,"20":2,"21":2,"22":2,"23":1,"24":1,"25":3,"26":2},"f":{"0":2,"1":3},"b":{"0":[0],"1":[1,1],"2":[2,1],"3":[0],"4":[0,3],"5":[1,2],"6":[2,1]},"inputSourceMap":null,"_coverageSchema":"1a1c01bbd47fc00a2c39e90264f33305004495a9","hash":"85415071e8af0839a2cd9db18b0ca7ae35c98aba"}
}
