{"/Users/naveed/Downloads/Capstone/siemens-game/backend/LambdaFunctionAPIs/Leaderboard/src/index.mjs": {"path":"/Users/naveed/Downloads/Capstone/siemens-game/backend/LambdaFunctionAPIs/Leaderboard/src/index.mjs","statementMap":{"0":{"start":{"line":4,"column":27},"end":{"line":24,"column":1}},"1":{"start":{"line":5,"column":4},"end":{"line":23,"column":5}},"2":{"start":{"line":6,"column":26},"end":{"line":6,"column":55}},"3":{"start":{"line":8,"column":22},"end":{"line":15,"column":9}},"4":{"start":{"line":18,"column":23},"end":{"line":18,"column":58}},"5":{"start":{"line":19,"column":8},"end":{"line":19,"column":27}},"6":{"start":{"line":21,"column":8},"end":{"line":21,"column":65}},"7":{"start":{"line":22,"column":8},"end":{"line":22,"column":18}},"8":{"start":{"line":26,"column":23},"end":{"line":68,"column":1}},"9":{"start":{"line":29,"column":4},"end":{"line":67,"column":5}},"10":{"start":{"line":30,"column":8},"end":{"line":32,"column":9}},"11":{"start":{"line":31,"column":12},"end":{"line":31,"column":56}},"12":{"start":{"line":34,"column":28},"end":{"line":34,"column":50}},"13":{"start":{"line":35,"column":28},"end":{"line":35,"column":39}},"14":{"start":{"line":37,"column":8},"end":{"line":39,"column":9}},"15":{"start":{"line":38,"column":12},"end":{"line":38,"column":62}},"16":{"start":{"line":42,"column":23},"end":{"line":42,"column":51}},"17":{"start":{"line":43,"column":8},"end":{"line":43,"column":38}},"18":{"start":{"line":46,"column":8},"end":{"line":46,"column":40}},"19":{"start":{"line":47,"column":8},"end":{"line":47,"column":31}},"20":{"start":{"line":48,"column":8},"end":{"line":48,"column":46}},"21":{"start":{"line":51,"column":26},"end":{"line":51,"column":67}},"22":{"start":{"line":53,"column":8},"end":{"line":56,"column":10}},"23":{"start":{"line":58,"column":8},"end":{"line":58,"column":59}},"24":{"start":{"line":59,"column":8},"end":{"line":62,"column":10}},"25":{"start":{"line":64,"column":8},"end":{"line":66,"column":9}},"26":{"start":{"line":65,"column":12},"end":{"line":65,"column":31}}},"fnMap":{"0":{"name":"(anonymous_0)","decl":{"start":{"line":4,"column":27},"end":{"line":4,"column":28}},"loc":{"start":{"line":4,"column":53},"end":{"line":24,"column":1}},"line":4},"1":{"name":"(anonymous_1)","decl":{"start":{"line":26,"column":23},"end":{"line":26,"column":24}},"loc":{"start":{"line":26,"column":40},"end":{"line":68,"column":1}},"line":26}},"branchMap":{"0":{"loc":{"start":{"line":6,"column":26},"end":{"line":6,"column":55}},"type":"cond-expr","locations":[{"start":{"line":6,"column":41},"end":{"line":6,"column":46}},{"start":{"line":6,"column":49},"end":{"line":6,"column":55}}],"line":6},"1":{"loc":{"start":{"line":30,"column":8},"end":{"line":32,"column":9}},"type":"if","locations":[{"start":{"line":30,"column":8},"end":{"line":32,"column":9}},{"start":{},"end":{}}],"line":30},"2":{"loc":{"start":{"line":37,"column":8},"end":{"line":39,"column":9}},"type":"if","locations":[{"start":{"line":37,"column":8},"end":{"line":39,"column":9}},{"start":{},"end":{}}],"line":37},"3":{"loc":{"start":{"line":64,"column":8},"end":{"line":66,"column":9}},"type":"if","locations":[{"start":{"line":64,"column":8},"end":{"line":66,"column":9}},{"start":{},"end":{}}],"line":64}},"s":{"0":1,"1":2,"2":2,"3":2,"4":2,"5":2,"6":0,"7":0,"8":1,"9":3,"10":3,"11":0,"12":3,"13":3,"14":3,"15":1,"16":2,"17":2,"18":2,"19":2,"20":2,"21":2,"22":2,"23":1,"24":1,"25":3,"26":2},"f":{"0":2,"1":3},"b":{"0":[1,1],"1":[0,3],"2":[1,2],"3":[2,1]},"inputSourceMap":null,"_coverageSchema":"1a1c01bbd47fc00a2c39e90264f33305004495a9","hash":"c894ae620d501afb333dfa19961d451b02518ce0"}
}
