TN:
SF:src/index.mjs
FN:4,(anonymous_0)
FN:25,(anonymous_1)
FNF:2
FNH:2
FNDA:2,(anonymous_0)
FNDA:3,(anonymous_1)
DA:4,1
DA:5,2
DA:6,2
DA:8,2
DA:17,2
DA:18,2
DA:20,0
DA:21,0
DA:25,1
DA:28,3
DA:29,3
DA:30,0
DA:33,3
DA:34,3
DA:36,3
DA:37,1
DA:41,2
DA:42,2
DA:45,2
DA:46,2
DA:47,2
DA:50,2
DA:52,2
DA:57,1
DA:58,1
DA:63,3
DA:64,2
LF:27
LH:24
BRDA:4,0,0,0
BRDA:6,1,0,1
BRDA:6,1,1,1
BRDA:6,2,0,2
BRDA:6,2,1,1
BRDA:25,3,0,0
BRDA:29,4,0,0
BRDA:29,4,1,3
BRDA:36,5,0,1
BRDA:36,5,1,2
BRDA:63,6,0,2
BRDA:63,6,1,1
BRF:12
BRH:9
end_of_record
