TN:
SF:src/index.mjs
FN:5,(anonymous_0)
FN:26,(anonymous_1)
FNF:2
FNH:2
FNDA:2,(anonymous_0)
FNDA:3,(anonymous_1)
DA:5,1
DA:6,2
DA:7,2
DA:9,2
DA:18,2
DA:19,2
DA:21,0
DA:22,0
DA:26,1
DA:29,3
DA:30,3
DA:31,0
DA:34,3
DA:35,3
DA:37,3
DA:38,1
DA:42,2
DA:43,2
DA:46,2
DA:47,2
DA:48,2
DA:51,2
DA:53,2
DA:58,1
DA:59,1
DA:64,3
DA:65,2
LF:27
LH:24
BRDA:5,0,0,0
BRDA:7,1,0,1
BRDA:7,1,1,1
BRDA:7,2,0,2
BRDA:7,2,1,1
BRDA:26,3,0,0
BRDA:30,4,0,0
BRDA:30,4,1,3
BRDA:37,5,0,1
BRDA:37,5,1,2
BRDA:64,6,0,2
BRDA:64,6,1,1
BRF:12
BRH:9
end_of_record
