<?xml version="1.0" encoding="UTF-8"?>
<coverage generated="1733170595322" clover="3.2.0">
  <project timestamp="1733170595322" name="All files">
    <metrics statements="35" coveredstatements="31" conditionals="15" coveredconditionals="12" methods="2" coveredmethods="2" elements="52" coveredelements="45" complexity="0" loc="35" ncloc="35" packages="1" files="1" classes="1"/>
    <file name="index.mjs" path="/Users/naveed/Downloads/Capstone/siemens-game/backend/LambdaFunctionAPIs/HighScore/src/index.mjs">
      <metrics statements="35" coveredstatements="31" conditionals="15" coveredconditionals="12" methods="2" coveredmethods="2"/>
      <line num="16" count="1" type="stmt"/>
      <line num="17" count="2" type="stmt"/>
      <line num="20" count="2" type="cond" truecount="4" falsecount="0"/>
      <line num="22" count="1" type="stmt"/>
      <line num="23" count="1" type="stmt"/>
      <line num="26" count="1" type="stmt"/>
      <line num="27" count="1" type="stmt"/>
      <line num="31" count="2" type="stmt"/>
      <line num="32" count="2" type="stmt"/>
      <line num="34" count="2" type="cond" truecount="1" falsecount="1"/>
      <line num="35" count="0" type="stmt"/>
      <line num="39" count="2" type="stmt"/>
      <line num="40" count="2" type="stmt"/>
      <line num="42" count="2" type="stmt"/>
      <line num="44" count="0" type="stmt"/>
      <line num="45" count="0" type="stmt"/>
      <line num="57" count="1" type="cond" truecount="0" falsecount="1"/>
      <line num="60" count="3" type="stmt"/>
      <line num="61" count="3" type="cond" truecount="1" falsecount="1"/>
      <line num="62" count="0" type="stmt"/>
      <line num="65" count="3" type="stmt"/>
      <line num="66" count="3" type="stmt"/>
      <line num="68" count="3" type="cond" truecount="4" falsecount="0"/>
      <line num="69" count="1" type="stmt"/>
      <line num="73" count="2" type="stmt"/>
      <line num="74" count="2" type="stmt"/>
      <line num="77" count="2" type="stmt"/>
      <line num="78" count="2" type="stmt"/>
      <line num="79" count="2" type="stmt"/>
      <line num="81" count="2" type="stmt"/>
      <line num="83" count="2" type="stmt"/>
      <line num="91" count="1" type="stmt"/>
      <line num="92" count="1" type="stmt"/>
      <line num="97" count="3" type="cond" truecount="2" falsecount="0"/>
      <line num="98" count="2" type="stmt"/>
    </file>
  </project>
</coverage>
