{"/Users/naveed/Downloads/Capstone/siemens-game/backend/LambdaFunctionAPIs/HighScore/src/index.mjs": {"path":"/Users/naveed/Downloads/Capstone/siemens-game/backend/LambdaFunctionAPIs/HighScore/src/index.mjs","statementMap":{"0":{"start":{"line":16,"column":24},"end":{"line":47,"column":1}},"1":{"start":{"line":17,"column":4},"end":{"line":46,"column":5}},"2":{"start":{"line":20,"column":8},"end":{"line":28,"column":9}},"3":{"start":{"line":22,"column":12},"end":{"line":22,"column":115}},"4":{"start":{"line":23,"column":12},"end":{"line":23,"column":106}},"5":{"start":{"line":26,"column":12},"end":{"line":26,"column":115}},"6":{"start":{"line":27,"column":12},"end":{"line":27,"column":106}},"7":{"start":{"line":31,"column":28},"end":{"line":31,"column":76}},"8":{"start":{"line":32,"column":28},"end":{"line":32,"column":61}},"9":{"start":{"line":34,"column":8},"end":{"line":36,"column":9}},"10":{"start":{"line":35,"column":12},"end":{"line":35,"column":76}},"11":{"start":{"line":39,"column":27},"end":{"line":39,"column":79}},"12":{"start":{"line":40,"column":21},"end":{"line":40,"column":45}},"13":{"start":{"line":42,"column":8},"end":{"line":42,"column":37}},"14":{"start":{"line":44,"column":8},"end":{"line":44,"column":61}},"15":{"start":{"line":45,"column":8},"end":{"line":45,"column":18}},"16":{"start":{"line":57,"column":23},"end":{"line":101,"column":1}},"17":{"start":{"line":60,"column":4},"end":{"line":100,"column":5}},"18":{"start":{"line":61,"column":8},"end":{"line":63,"column":9}},"19":{"start":{"line":62,"column":12},"end":{"line":62,"column":56}},"20":{"start":{"line":65,"column":28},"end":{"line":65,"column":50}},"21":{"start":{"line":66,"column":37},"end":{"line":66,"column":48}},"22":{"start":{"line":68,"column":8},"end":{"line":70,"column":9}},"23":{"start":{"line":69,"column":12},"end":{"line":69,"column":65}},"24":{"start":{"line":73,"column":23},"end":{"line":73,"column":51}},"25":{"start":{"line":74,"column":8},"end":{"line":74,"column":38}},"26":{"start":{"line":77,"column":8},"end":{"line":77,"column":40}},"27":{"start":{"line":78,"column":8},"end":{"line":78,"column":31}},"28":{"start":{"line":79,"column":8},"end":{"line":79,"column":46}},"29":{"start":{"line":81,"column":38},"end":{"line":81,"column":96}},"30":{"start":{"line":83,"column":8},"end":{"line":89,"column":10}},"31":{"start":{"line":91,"column":8},"end":{"line":91,"column":59}},"32":{"start":{"line":92,"column":8},"end":{"line":95,"column":10}},"33":{"start":{"line":97,"column":8},"end":{"line":99,"column":9}},"34":{"start":{"line":98,"column":12},"end":{"line":98,"column":31}}},"fnMap":{"0":{"name":"(anonymous_0)","decl":{"start":{"line":16,"column":24},"end":{"line":16,"column":25}},"loc":{"start":{"line":16,"column":69},"end":{"line":47,"column":1}},"line":16},"1":{"name":"(anonymous_1)","decl":{"start":{"line":57,"column":23},"end":{"line":57,"column":24}},"loc":{"start":{"line":57,"column":67},"end":{"line":101,"column":1}},"line":57}},"branchMap":{"0":{"loc":{"start":{"line":20,"column":8},"end":{"line":28,"column":9}},"type":"if","locations":[{"start":{"line":20,"column":8},"end":{"line":28,"column":9}},{"start":{"line":24,"column":15},"end":{"line":28,"column":9}}],"line":20},"1":{"loc":{"start":{"line":20,"column":12},"end":{"line":20,"column":40}},"type":"binary-expr","locations":[{"start":{"line":20,"column":12},"end":{"line":20,"column":24}},{"start":{"line":20,"column":28},"end":{"line":20,"column":40}}],"line":20},"2":{"loc":{"start":{"line":34,"column":8},"end":{"line":36,"column":9}},"type":"if","locations":[{"start":{"line":34,"column":8},"end":{"line":36,"column":9}},{"start":{},"end":{}}],"line":34},"3":{"loc":{"start":{"line":57,"column":37},"end":{"line":57,"column":62}},"type":"default-arg","locations":[{"start":{"line":57,"column":49},"end":{"line":57,"column":62}}],"line":57},"4":{"loc":{"start":{"line":61,"column":8},"end":{"line":63,"column":9}},"type":"if","locations":[{"start":{"line":61,"column":8},"end":{"line":63,"column":9}},{"start":{},"end":{}}],"line":61},"5":{"loc":{"start":{"line":68,"column":8},"end":{"line":70,"column":9}},"type":"if","locations":[{"start":{"line":68,"column":8},"end":{"line":70,"column":9}},{"start":{},"end":{}}],"line":68},"6":{"loc":{"start":{"line":68,"column":12},"end":{"line":68,"column":32}},"type":"binary-expr","locations":[{"start":{"line":68,"column":12},"end":{"line":68,"column":20}},{"start":{"line":68,"column":24},"end":{"line":68,"column":32}}],"line":68},"7":{"loc":{"start":{"line":97,"column":8},"end":{"line":99,"column":9}},"type":"if","locations":[{"start":{"line":97,"column":8},"end":{"line":99,"column":9}},{"start":{},"end":{}}],"line":97}},"s":{"0":1,"1":2,"2":2,"3":1,"4":1,"5":1,"6":1,"7":2,"8":2,"9":2,"10":0,"11":2,"12":2,"13":2,"14":0,"15":0,"16":1,"17":3,"18":3,"19":0,"20":3,"21":3,"22":3,"23":1,"24":2,"25":2,"26":2,"27":2,"28":2,"29":2,"30":2,"31":1,"32":1,"33":3,"34":2},"f":{"0":2,"1":3},"b":{"0":[1,1],"1":[2,1],"2":[0,2],"3":[0],"4":[0,3],"5":[1,2],"6":[3,2],"7":[2,1]},"inputSourceMap":null,"_coverageSchema":"1a1c01bbd47fc00a2c39e90264f33305004495a9","hash":"d1575b0adfd56979e38ffebeb5fc3757451ca602"}
}
