{"/Users/naveed/Downloads/Capstone/siemens-game/backend/LambdaFunctionAPIs/HighScore/src/index.mjs": {"path":"/Users/naveed/Downloads/Capstone/siemens-game/backend/LambdaFunctionAPIs/HighScore/src/index.mjs","statementMap":{"0":{"start":{"line":3,"column":24},"end":{"line":34,"column":1}},"1":{"start":{"line":4,"column":4},"end":{"line":33,"column":5}},"2":{"start":{"line":7,"column":8},"end":{"line":15,"column":9}},"3":{"start":{"line":9,"column":12},"end":{"line":9,"column":114}},"4":{"start":{"line":10,"column":12},"end":{"line":10,"column":105}},"5":{"start":{"line":13,"column":12},"end":{"line":13,"column":114}},"6":{"start":{"line":14,"column":12},"end":{"line":14,"column":105}},"7":{"start":{"line":18,"column":28},"end":{"line":18,"column":76}},"8":{"start":{"line":19,"column":28},"end":{"line":19,"column":60}},"9":{"start":{"line":21,"column":8},"end":{"line":23,"column":9}},"10":{"start":{"line":22,"column":12},"end":{"line":22,"column":76}},"11":{"start":{"line":26,"column":27},"end":{"line":26,"column":79}},"12":{"start":{"line":27,"column":21},"end":{"line":27,"column":44}},"13":{"start":{"line":29,"column":8},"end":{"line":29,"column":37}},"14":{"start":{"line":31,"column":8},"end":{"line":31,"column":61}},"15":{"start":{"line":32,"column":8},"end":{"line":32,"column":18}},"16":{"start":{"line":36,"column":23},"end":{"line":80,"column":1}},"17":{"start":{"line":39,"column":4},"end":{"line":79,"column":5}},"18":{"start":{"line":40,"column":8},"end":{"line":42,"column":9}},"19":{"start":{"line":41,"column":12},"end":{"line":41,"column":56}},"20":{"start":{"line":44,"column":28},"end":{"line":44,"column":50}},"21":{"start":{"line":45,"column":37},"end":{"line":45,"column":48}},"22":{"start":{"line":47,"column":8},"end":{"line":49,"column":9}},"23":{"start":{"line":48,"column":12},"end":{"line":48,"column":65}},"24":{"start":{"line":52,"column":23},"end":{"line":52,"column":51}},"25":{"start":{"line":53,"column":8},"end":{"line":53,"column":38}},"26":{"start":{"line":56,"column":8},"end":{"line":56,"column":40}},"27":{"start":{"line":57,"column":8},"end":{"line":57,"column":31}},"28":{"start":{"line":58,"column":8},"end":{"line":58,"column":46}},"29":{"start":{"line":60,"column":38},"end":{"line":60,"column":85}},"30":{"start":{"line":62,"column":8},"end":{"line":68,"column":10}},"31":{"start":{"line":70,"column":8},"end":{"line":70,"column":59}},"32":{"start":{"line":71,"column":8},"end":{"line":74,"column":10}},"33":{"start":{"line":76,"column":8},"end":{"line":78,"column":9}},"34":{"start":{"line":77,"column":12},"end":{"line":77,"column":31}}},"fnMap":{"0":{"name":"(anonymous_0)","decl":{"start":{"line":3,"column":24},"end":{"line":3,"column":25}},"loc":{"start":{"line":3,"column":58},"end":{"line":34,"column":1}},"line":3},"1":{"name":"(anonymous_1)","decl":{"start":{"line":36,"column":23},"end":{"line":36,"column":24}},"loc":{"start":{"line":36,"column":40},"end":{"line":80,"column":1}},"line":36}},"branchMap":{"0":{"loc":{"start":{"line":7,"column":8},"end":{"line":15,"column":9}},"type":"if","locations":[{"start":{"line":7,"column":8},"end":{"line":15,"column":9}},{"start":{"line":11,"column":15},"end":{"line":15,"column":9}}],"line":7},"1":{"loc":{"start":{"line":7,"column":12},"end":{"line":7,"column":40}},"type":"binary-expr","locations":[{"start":{"line":7,"column":12},"end":{"line":7,"column":24}},{"start":{"line":7,"column":28},"end":{"line":7,"column":40}}],"line":7},"2":{"loc":{"start":{"line":21,"column":8},"end":{"line":23,"column":9}},"type":"if","locations":[{"start":{"line":21,"column":8},"end":{"line":23,"column":9}},{"start":{},"end":{}}],"line":21},"3":{"loc":{"start":{"line":40,"column":8},"end":{"line":42,"column":9}},"type":"if","locations":[{"start":{"line":40,"column":8},"end":{"line":42,"column":9}},{"start":{},"end":{}}],"line":40},"4":{"loc":{"start":{"line":47,"column":8},"end":{"line":49,"column":9}},"type":"if","locations":[{"start":{"line":47,"column":8},"end":{"line":49,"column":9}},{"start":{},"end":{}}],"line":47},"5":{"loc":{"start":{"line":47,"column":12},"end":{"line":47,"column":32}},"type":"binary-expr","locations":[{"start":{"line":47,"column":12},"end":{"line":47,"column":20}},{"start":{"line":47,"column":24},"end":{"line":47,"column":32}}],"line":47},"6":{"loc":{"start":{"line":76,"column":8},"end":{"line":78,"column":9}},"type":"if","locations":[{"start":{"line":76,"column":8},"end":{"line":78,"column":9}},{"start":{},"end":{}}],"line":76}},"s":{"0":1,"1":2,"2":2,"3":1,"4":1,"5":1,"6":1,"7":2,"8":2,"9":2,"10":0,"11":2,"12":2,"13":2,"14":0,"15":0,"16":1,"17":3,"18":3,"19":0,"20":3,"21":3,"22":3,"23":1,"24":2,"25":2,"26":2,"27":2,"28":2,"29":2,"30":2,"31":1,"32":1,"33":3,"34":2},"f":{"0":2,"1":3},"b":{"0":[1,1],"1":[2,1],"2":[0,2],"3":[0,3],"4":[1,2],"5":[3,2],"6":[2,1]},"inputSourceMap":null,"_coverageSchema":"1a1c01bbd47fc00a2c39e90264f33305004495a9","hash":"ebc91ea7740a1b93a98bf994c3b789269fe69755"}
}
