TN:
SF:src/index.mjs
FN:16,(anonymous_0)
FN:57,(anonymous_1)
FNF:2
FNH:2
FNDA:2,(anonymous_0)
FNDA:3,(anonymous_1)
DA:16,1
DA:17,2
DA:20,2
DA:22,1
DA:23,1
DA:26,1
DA:27,1
DA:31,2
DA:32,2
DA:34,2
DA:35,0
DA:39,2
DA:40,2
DA:42,2
DA:44,0
DA:45,0
DA:57,1
DA:60,3
DA:61,3
DA:62,0
DA:65,3
DA:66,3
DA:68,3
DA:69,1
DA:73,2
DA:74,2
DA:77,2
DA:78,2
DA:79,2
DA:81,2
DA:83,2
DA:91,1
DA:92,1
DA:97,3
DA:98,2
LF:35
LH:31
BRDA:20,0,0,1
BRDA:20,0,1,1
BRDA:20,1,0,2
BRDA:20,1,1,1
BRDA:34,2,0,0
BRDA:34,2,1,2
BRDA:57,3,0,0
BRDA:61,4,0,0
BRDA:61,4,1,3
BRDA:68,5,0,1
BRDA:68,5,1,2
BRDA:68,6,0,3
BRDA:68,6,1,2
BRDA:97,7,0,2
BRDA:97,7,1,1
BRF:15
BRH:12
end_of_record
