TN:
SF:src/index.mjs
FN:3,(anonymous_0)
FN:36,(anonymous_1)
FNF:2
FNH:2
FNDA:2,(anonymous_0)
FNDA:3,(anonymous_1)
DA:3,1
DA:4,2
DA:7,2
DA:9,1
DA:10,1
DA:13,1
DA:14,1
DA:18,2
DA:19,2
DA:21,2
DA:22,0
DA:26,2
DA:27,2
DA:29,2
DA:31,0
DA:32,0
DA:36,1
DA:39,3
DA:40,3
DA:41,0
DA:44,3
DA:45,3
DA:47,3
DA:48,1
DA:52,2
DA:53,2
DA:56,2
DA:57,2
DA:58,2
DA:60,2
DA:62,2
DA:70,1
DA:71,1
DA:76,3
DA:77,2
LF:35
LH:31
BRDA:7,0,0,1
BRDA:7,0,1,1
BRDA:7,1,0,2
BRDA:7,1,1,1
BRDA:21,2,0,0
BRDA:21,2,1,2
BRDA:36,3,0,0
BRDA:40,4,0,0
BRDA:40,4,1,3
BRDA:47,5,0,1
BRDA:47,5,1,2
BRDA:47,6,0,3
BRDA:47,6,1,2
BRDA:76,7,0,2
BRDA:76,7,1,1
BRF:15
BRH:12
end_of_record
