{"/Users/naveed/Downloads/Capstone/siemens-game/backend/LambdaFunctionAPIs/ScoreUpload/src/index.mjs": {"path":"/Users/naveed/Downloads/Capstone/siemens-game/backend/LambdaFunctionAPIs/ScoreUpload/src/index.mjs","statementMap":{"0":{"start":{"line":4,"column":24},"end":{"line":7,"column":1}},"1":{"start":{"line":5,"column":19},"end":{"line":5,"column":89}},"2":{"start":{"line":6,"column":4},"end":{"line":6,"column":34}},"3":{"start":{"line":10,"column":25},"end":{"line":16,"column":1}},"4":{"start":{"line":11,"column":19},"end":{"line":14,"column":5}},"5":{"start":{"line":15,"column":4},"end":{"line":15,"column":41}},"6":{"start":{"line":19,"column":24},"end":{"line":34,"column":1}},"7":{"start":{"line":20,"column":4},"end":{"line":33,"column":5}},"8":{"start":{"line":21,"column":22},"end":{"line":27,"column":9}},"9":{"start":{"line":28,"column":23},"end":{"line":28,"column":73}},"10":{"start":{"line":29,"column":8},"end":{"line":29,"column":30}},"11":{"start":{"line":31,"column":8},"end":{"line":31,"column":58}},"12":{"start":{"line":32,"column":8},"end":{"line":32,"column":18}},"13":{"start":{"line":37,"column":26},"end":{"line":53,"column":1}},"14":{"start":{"line":38,"column":26},"end":{"line":38,"column":72}},"15":{"start":{"line":40,"column":4},"end":{"line":49,"column":5}},"16":{"start":{"line":42,"column":8},"end":{"line":44,"column":9}},"17":{"start":{"line":43,"column":12},"end":{"line":43,"column":75}},"18":{"start":{"line":45,"column":11},"end":{"line":49,"column":5}},"19":{"start":{"line":47,"column":29},"end":{"line":47,"column":53}},"20":{"start":{"line":48,"column":8},"end":{"line":48,"column":75}},"21":{"start":{"line":52,"column":4},"end":{"line":52,"column":67}},"22":{"start":{"line":55,"column":23},"end":{"line":106,"column":1}},"23":{"start":{"line":58,"column":4},"end":{"line":105,"column":5}},"24":{"start":{"line":59,"column":8},"end":{"line":61,"column":9}},"25":{"start":{"line":60,"column":12},"end":{"line":60,"column":56}},"26":{"start":{"line":63,"column":28},"end":{"line":63,"column":50}},"27":{"start":{"line":64,"column":44},"end":{"line":64,"column":55}},"28":{"start":{"line":66,"column":8},"end":{"line":68,"column":9}},"29":{"start":{"line":67,"column":12},"end":{"line":67,"column":77}},"30":{"start":{"line":71,"column":23},"end":{"line":71,"column":51}},"31":{"start":{"line":72,"column":8},"end":{"line":72,"column":38}},"32":{"start":{"line":75,"column":8},"end":{"line":75,"column":40}},"33":{"start":{"line":76,"column":8},"end":{"line":76,"column":31}},"34":{"start":{"line":77,"column":8},"end":{"line":77,"column":46}},"35":{"start":{"line":80,"column":27},"end":{"line":80,"column":65}},"36":{"start":{"line":81,"column":8},"end":{"line":83,"column":9}},"37":{"start":{"line":82,"column":12},"end":{"line":82,"column":71}},"38":{"start":{"line":86,"column":30},"end":{"line":86,"column":86}},"39":{"start":{"line":88,"column":8},"end":{"line":94,"column":10}},"40":{"start":{"line":96,"column":8},"end":{"line":96,"column":56}},"41":{"start":{"line":97,"column":8},"end":{"line":100,"column":10}},"42":{"start":{"line":102,"column":8},"end":{"line":104,"column":9}},"43":{"start":{"line":103,"column":12},"end":{"line":103,"column":31}}},"fnMap":{"0":{"name":"(anonymous_0)","decl":{"start":{"line":4,"column":24},"end":{"line":4,"column":25}},"loc":{"start":{"line":4,"column":50},"end":{"line":7,"column":1}},"line":4},"1":{"name":"(anonymous_1)","decl":{"start":{"line":10,"column":25},"end":{"line":10,"column":26}},"loc":{"start":{"line":10,"column":59},"end":{"line":16,"column":1}},"line":10},"2":{"name":"(anonymous_2)","decl":{"start":{"line":19,"column":24},"end":{"line":19,"column":25}},"loc":{"start":{"line":19,"column":65},"end":{"line":34,"column":1}},"line":19},"3":{"name":"(anonymous_3)","decl":{"start":{"line":37,"column":26},"end":{"line":37,"column":27}},"loc":{"start":{"line":37,"column":70},"end":{"line":53,"column":1}},"line":37},"4":{"name":"(anonymous_4)","decl":{"start":{"line":55,"column":23},"end":{"line":55,"column":24}},"loc":{"start":{"line":55,"column":40},"end":{"line":106,"column":1}},"line":55}},"branchMap":{"0":{"loc":{"start":{"line":15,"column":11},"end":{"line":15,"column":40}},"type":"binary-expr","locations":[{"start":{"line":15,"column":11},"end":{"line":15,"column":32}},{"start":{"line":15,"column":36},"end":{"line":15,"column":40}}],"line":15},"1":{"loc":{"start":{"line":40,"column":4},"end":{"line":49,"column":5}},"type":"if","locations":[{"start":{"line":40,"column":4},"end":{"line":49,"column":5}},{"start":{"line":45,"column":11},"end":{"line":49,"column":5}}],"line":40},"2":{"loc":{"start":{"line":40,"column":8},"end":{"line":40,"column":36}},"type":"binary-expr","locations":[{"start":{"line":40,"column":8},"end":{"line":40,"column":20}},{"start":{"line":40,"column":24},"end":{"line":40,"column":36}}],"line":40},"3":{"loc":{"start":{"line":42,"column":8},"end":{"line":44,"column":9}},"type":"if","locations":[{"start":{"line":42,"column":8},"end":{"line":44,"column":9}},{"start":{},"end":{}}],"line":42},"4":{"loc":{"start":{"line":42,"column":12},"end":{"line":42,"column":63}},"type":"binary-expr","locations":[{"start":{"line":42,"column":12},"end":{"line":42,"column":34}},{"start":{"line":42,"column":38},"end":{"line":42,"column":63}}],"line":42},"5":{"loc":{"start":{"line":45,"column":11},"end":{"line":49,"column":5}},"type":"if","locations":[{"start":{"line":45,"column":11},"end":{"line":49,"column":5}},{"start":{},"end":{}}],"line":45},"6":{"loc":{"start":{"line":47,"column":30},"end":{"line":47,"column":48}},"type":"binary-expr","locations":[{"start":{"line":47,"column":30},"end":{"line":47,"column":43}},{"start":{"line":47,"column":47},"end":{"line":47,"column":48}}],"line":47},"7":{"loc":{"start":{"line":59,"column":8},"end":{"line":61,"column":9}},"type":"if","locations":[{"start":{"line":59,"column":8},"end":{"line":61,"column":9}},{"start":{},"end":{}}],"line":59},"8":{"loc":{"start":{"line":66,"column":8},"end":{"line":68,"column":9}},"type":"if","locations":[{"start":{"line":66,"column":8},"end":{"line":68,"column":9}},{"start":{},"end":{}}],"line":66},"9":{"loc":{"start":{"line":66,"column":12},"end":{"line":66,"column":74}},"type":"binary-expr","locations":[{"start":{"line":66,"column":12},"end":{"line":66,"column":20}},{"start":{"line":66,"column":24},"end":{"line":66,"column":32}},{"start":{"line":66,"column":37},"end":{"line":66,"column":56}},{"start":{"line":66,"column":60},"end":{"line":66,"column":73}}],"line":66},"10":{"loc":{"start":{"line":81,"column":8},"end":{"line":83,"column":9}},"type":"if","locations":[{"start":{"line":81,"column":8},"end":{"line":83,"column":9}},{"start":{},"end":{}}],"line":81},"11":{"loc":{"start":{"line":102,"column":8},"end":{"line":104,"column":9}},"type":"if","locations":[{"start":{"line":102,"column":8},"end":{"line":104,"column":9}},{"start":{},"end":{}}],"line":102}},"s":{"0":1,"1":5,"2":5,"3":1,"4":1,"5":1,"6":1,"7":1,"8":1,"9":1,"10":0,"11":1,"12":1,"13":1,"14":1,"15":1,"16":0,"17":0,"18":1,"19":0,"20":0,"21":1,"22":1,"23":7,"24":7,"25":1,"26":6,"27":6,"28":6,"29":1,"30":5,"31":5,"32":5,"33":5,"34":5,"35":5,"36":5,"37":4,"38":1,"39":0,"40":7,"41":7,"42":7,"43":5},"f":{"0":5,"1":1,"2":1,"3":1,"4":7},"b":{"0":[1,1],"1":[0,1],"2":[1,1],"3":[0,0],"4":[0,0],"5":[0,1],"6":[0,0],"7":[1,6],"8":[1,5],"9":[6,6,5,1],"10":[4,1],"11":[5,2]},"inputSourceMap":null,"_coverageSchema":"1a1c01bbd47fc00a2c39e90264f33305004495a9","hash":"aafbe725043a65ceeb6f6a913c30651f7c534302"}
}
