{"/Users/naveed/Downloads/Capstone/siemens-game/backend/LambdaFunctionAPIs/ScoreUpload/src/index.mjs": {"path":"/Users/naveed/Downloads/Capstone/siemens-game/backend/LambdaFunctionAPIs/ScoreUpload/src/index.mjs","statementMap":{"0":{"start":{"line":5,"column":24},"end":{"line":8,"column":1}},"1":{"start":{"line":6,"column":19},"end":{"line":6,"column":89}},"2":{"start":{"line":7,"column":4},"end":{"line":7,"column":34}},"3":{"start":{"line":11,"column":25},"end":{"line":17,"column":1}},"4":{"start":{"line":12,"column":19},"end":{"line":15,"column":5}},"5":{"start":{"line":16,"column":4},"end":{"line":16,"column":41}},"6":{"start":{"line":21,"column":24},"end":{"line":31,"column":1}},"7":{"start":{"line":22,"column":18},"end":{"line":28,"column":5}},"8":{"start":{"line":29,"column":19},"end":{"line":29,"column":69}},"9":{"start":{"line":30,"column":4},"end":{"line":30,"column":26}},"10":{"start":{"line":34,"column":26},"end":{"line":47,"column":1}},"11":{"start":{"line":35,"column":26},"end":{"line":35,"column":83}},"12":{"start":{"line":37,"column":4},"end":{"line":44,"column":5}},"13":{"start":{"line":38,"column":8},"end":{"line":40,"column":9}},"14":{"start":{"line":39,"column":12},"end":{"line":39,"column":75}},"15":{"start":{"line":41,"column":11},"end":{"line":44,"column":5}},"16":{"start":{"line":42,"column":29},"end":{"line":42,"column":53}},"17":{"start":{"line":43,"column":8},"end":{"line":43,"column":86}},"18":{"start":{"line":46,"column":4},"end":{"line":46,"column":78}},"19":{"start":{"line":49,"column":23},"end":{"line":100,"column":1}},"20":{"start":{"line":52,"column":4},"end":{"line":99,"column":5}},"21":{"start":{"line":53,"column":8},"end":{"line":55,"column":9}},"22":{"start":{"line":54,"column":12},"end":{"line":54,"column":56}},"23":{"start":{"line":57,"column":28},"end":{"line":57,"column":50}},"24":{"start":{"line":58,"column":44},"end":{"line":58,"column":55}},"25":{"start":{"line":60,"column":8},"end":{"line":62,"column":9}},"26":{"start":{"line":61,"column":12},"end":{"line":61,"column":77}},"27":{"start":{"line":65,"column":23},"end":{"line":65,"column":51}},"28":{"start":{"line":66,"column":8},"end":{"line":66,"column":38}},"29":{"start":{"line":69,"column":8},"end":{"line":69,"column":40}},"30":{"start":{"line":70,"column":8},"end":{"line":70,"column":31}},"31":{"start":{"line":71,"column":8},"end":{"line":71,"column":46}},"32":{"start":{"line":74,"column":27},"end":{"line":74,"column":65}},"33":{"start":{"line":75,"column":8},"end":{"line":77,"column":9}},"34":{"start":{"line":76,"column":12},"end":{"line":76,"column":71}},"35":{"start":{"line":80,"column":30},"end":{"line":80,"column":97}},"36":{"start":{"line":82,"column":8},"end":{"line":88,"column":10}},"37":{"start":{"line":90,"column":8},"end":{"line":90,"column":56}},"38":{"start":{"line":91,"column":8},"end":{"line":94,"column":10}},"39":{"start":{"line":96,"column":8},"end":{"line":98,"column":9}},"40":{"start":{"line":97,"column":12},"end":{"line":97,"column":31}}},"fnMap":{"0":{"name":"(anonymous_0)","decl":{"start":{"line":5,"column":24},"end":{"line":5,"column":25}},"loc":{"start":{"line":5,"column":50},"end":{"line":8,"column":1}},"line":5},"1":{"name":"(anonymous_1)","decl":{"start":{"line":11,"column":25},"end":{"line":11,"column":26}},"loc":{"start":{"line":11,"column":86},"end":{"line":17,"column":1}},"line":11},"2":{"name":"(anonymous_2)","decl":{"start":{"line":21,"column":24},"end":{"line":21,"column":25}},"loc":{"start":{"line":21,"column":92},"end":{"line":31,"column":1}},"line":21},"3":{"name":"(anonymous_3)","decl":{"start":{"line":34,"column":26},"end":{"line":34,"column":27}},"loc":{"start":{"line":34,"column":97},"end":{"line":47,"column":1}},"line":34},"4":{"name":"(anonymous_4)","decl":{"start":{"line":49,"column":23},"end":{"line":49,"column":24}},"loc":{"start":{"line":49,"column":67},"end":{"line":100,"column":1}},"line":49}},"branchMap":{"0":{"loc":{"start":{"line":11,"column":56},"end":{"line":11,"column":81}},"type":"default-arg","locations":[{"start":{"line":11,"column":68},"end":{"line":11,"column":81}}],"line":11},"1":{"loc":{"start":{"line":16,"column":11},"end":{"line":16,"column":40}},"type":"binary-expr","locations":[{"start":{"line":16,"column":11},"end":{"line":16,"column":32}},{"start":{"line":16,"column":36},"end":{"line":16,"column":40}}],"line":16},"2":{"loc":{"start":{"line":21,"column":62},"end":{"line":21,"column":87}},"type":"default-arg","locations":[{"start":{"line":21,"column":74},"end":{"line":21,"column":87}}],"line":21},"3":{"loc":{"start":{"line":34,"column":67},"end":{"line":34,"column":92}},"type":"default-arg","locations":[{"start":{"line":34,"column":79},"end":{"line":34,"column":92}}],"line":34},"4":{"loc":{"start":{"line":37,"column":4},"end":{"line":44,"column":5}},"type":"if","locations":[{"start":{"line":37,"column":4},"end":{"line":44,"column":5}},{"start":{"line":41,"column":11},"end":{"line":44,"column":5}}],"line":37},"5":{"loc":{"start":{"line":37,"column":8},"end":{"line":37,"column":36}},"type":"binary-expr","locations":[{"start":{"line":37,"column":8},"end":{"line":37,"column":20}},{"start":{"line":37,"column":24},"end":{"line":37,"column":36}}],"line":37},"6":{"loc":{"start":{"line":38,"column":8},"end":{"line":40,"column":9}},"type":"if","locations":[{"start":{"line":38,"column":8},"end":{"line":40,"column":9}},{"start":{},"end":{}}],"line":38},"7":{"loc":{"start":{"line":38,"column":12},"end":{"line":38,"column":63}},"type":"binary-expr","locations":[{"start":{"line":38,"column":12},"end":{"line":38,"column":34}},{"start":{"line":38,"column":38},"end":{"line":38,"column":63}}],"line":38},"8":{"loc":{"start":{"line":41,"column":11},"end":{"line":44,"column":5}},"type":"if","locations":[{"start":{"line":41,"column":11},"end":{"line":44,"column":5}},{"start":{},"end":{}}],"line":41},"9":{"loc":{"start":{"line":42,"column":30},"end":{"line":42,"column":48}},"type":"binary-expr","locations":[{"start":{"line":42,"column":30},"end":{"line":42,"column":43}},{"start":{"line":42,"column":47},"end":{"line":42,"column":48}}],"line":42},"10":{"loc":{"start":{"line":49,"column":37},"end":{"line":49,"column":62}},"type":"default-arg","locations":[{"start":{"line":49,"column":49},"end":{"line":49,"column":62}}],"line":49},"11":{"loc":{"start":{"line":53,"column":8},"end":{"line":55,"column":9}},"type":"if","locations":[{"start":{"line":53,"column":8},"end":{"line":55,"column":9}},{"start":{},"end":{}}],"line":53},"12":{"loc":{"start":{"line":60,"column":8},"end":{"line":62,"column":9}},"type":"if","locations":[{"start":{"line":60,"column":8},"end":{"line":62,"column":9}},{"start":{},"end":{}}],"line":60},"13":{"loc":{"start":{"line":60,"column":12},"end":{"line":60,"column":74}},"type":"binary-expr","locations":[{"start":{"line":60,"column":12},"end":{"line":60,"column":20}},{"start":{"line":60,"column":24},"end":{"line":60,"column":32}},{"start":{"line":60,"column":37},"end":{"line":60,"column":56}},{"start":{"line":60,"column":60},"end":{"line":60,"column":73}}],"line":60},"14":{"loc":{"start":{"line":75,"column":8},"end":{"line":77,"column":9}},"type":"if","locations":[{"start":{"line":75,"column":8},"end":{"line":77,"column":9}},{"start":{},"end":{}}],"line":75},"15":{"loc":{"start":{"line":96,"column":8},"end":{"line":98,"column":9}},"type":"if","locations":[{"start":{"line":96,"column":8},"end":{"line":98,"column":9}},{"start":{},"end":{}}],"line":96}},"s":{"0":1,"1":4,"2":4,"3":1,"4":3,"5":3,"6":1,"7":2,"8":2,"9":2,"10":1,"11":3,"12":3,"13":2,"14":1,"15":1,"16":1,"17":1,"18":1,"19":1,"20":6,"21":6,"22":1,"23":5,"24":5,"25":5,"26":1,"27":4,"28":4,"29":4,"30":4,"31":4,"32":4,"33":4,"34":1,"35":3,"36":3,"37":3,"38":3,"39":6,"40":4},"f":{"0":4,"1":3,"2":2,"3":3,"4":6},"b":{"0":[0],"1":[3,0],"2":[0],"3":[0],"4":[2,1],"5":[3,3],"6":[1,1],"7":[2,2],"8":[1,0],"9":[1,0],"10":[5],"11":[1,5],"12":[1,4],"13":[5,5,4,1],"14":[1,3],"15":[4,2]},"inputSourceMap":null,"_coverageSchema":"1a1c01bbd47fc00a2c39e90264f33305004495a9","hash":"9e551e09d51e71f9c3233a8a2b9745919ae02da2"}
}
