TN:
SF:src/index.mjs
FN:5,(anonymous_0)
FN:11,(anonymous_1)
FN:21,(anonymous_2)
FN:34,(anonymous_3)
FN:49,(anonymous_4)
FNF:5
FNH:5
FNDA:4,(anonymous_0)
FNDA:3,(anonymous_1)
FNDA:2,(anonymous_2)
FNDA:3,(anonymous_3)
FNDA:6,(anonymous_4)
DA:5,1
DA:6,4
DA:7,4
DA:11,1
DA:12,3
DA:16,3
DA:21,1
DA:22,2
DA:29,2
DA:30,2
DA:34,1
DA:35,3
DA:37,3
DA:38,2
DA:39,1
DA:41,1
DA:42,1
DA:43,1
DA:46,1
DA:49,1
DA:52,6
DA:53,6
DA:54,1
DA:57,5
DA:58,5
DA:60,5
DA:61,1
DA:65,4
DA:66,4
DA:69,4
DA:70,4
DA:71,4
DA:74,4
DA:75,4
DA:76,1
DA:80,3
DA:82,3
DA:90,3
DA:91,3
DA:96,6
DA:97,4
LF:41
LH:41
BRDA:11,0,0,0
BRDA:16,1,0,3
BRDA:16,1,1,0
BRDA:21,2,0,0
BRDA:34,3,0,0
BRDA:37,4,0,2
BRDA:37,4,1,1
BRDA:37,5,0,3
BRDA:37,5,1,3
BRDA:38,6,0,1
BRDA:38,6,1,1
BRDA:38,7,0,2
BRDA:38,7,1,2
BRDA:41,8,0,1
BRDA:41,8,1,0
BRDA:42,9,0,1
BRDA:42,9,1,0
BRDA:49,10,0,5
BRDA:53,11,0,1
BRDA:53,11,1,5
BRDA:60,12,0,1
BRDA:60,12,1,4
BRDA:60,13,0,5
BRDA:60,13,1,5
BRDA:60,13,2,4
BRDA:60,13,3,1
BRDA:75,14,0,1
BRDA:75,14,1,3
BRDA:96,15,0,4
BRDA:96,15,1,2
BRF:30
BRH:24
end_of_record
