TN:
SF:src/index.mjs
FN:4,(anonymous_0)
FN:10,(anonymous_1)
FN:19,(anonymous_2)
FN:37,(anonymous_3)
FN:55,(anonymous_4)
FNF:5
FNH:5
FNDA:5,(anonymous_0)
FNDA:1,(anonymous_1)
FNDA:1,(anonymous_2)
FNDA:1,(anonymous_3)
FNDA:7,(anonymous_4)
DA:4,1
DA:5,5
DA:6,5
DA:10,1
DA:11,1
DA:15,1
DA:19,1
DA:20,1
DA:21,1
DA:28,1
DA:29,0
DA:31,1
DA:32,1
DA:37,1
DA:38,1
DA:40,1
DA:42,0
DA:43,0
DA:45,1
DA:47,0
DA:48,0
DA:52,1
DA:55,1
DA:58,7
DA:59,7
DA:60,1
DA:63,6
DA:64,6
DA:66,6
DA:67,1
DA:71,5
DA:72,5
DA:75,5
DA:76,5
DA:77,5
DA:80,5
DA:81,5
DA:82,4
DA:86,1
DA:88,0
DA:96,7
DA:97,7
DA:102,7
DA:103,5
LF:44
LH:38
BRDA:15,0,0,1
BRDA:15,0,1,1
BRDA:40,1,0,0
BRDA:40,1,1,1
BRDA:40,2,0,1
BRDA:40,2,1,1
BRDA:42,3,0,0
BRDA:42,3,1,0
BRDA:42,4,0,0
BRDA:42,4,1,0
BRDA:45,5,0,0
BRDA:45,5,1,1
BRDA:47,6,0,0
BRDA:47,6,1,0
BRDA:59,7,0,1
BRDA:59,7,1,6
BRDA:66,8,0,1
BRDA:66,8,1,5
BRDA:66,9,0,6
BRDA:66,9,1,6
BRDA:66,9,2,5
BRDA:66,9,3,1
BRDA:81,10,0,4
BRDA:81,10,1,1
BRDA:102,11,0,5
BRDA:102,11,1,2
BRF:26
BRH:18
end_of_record
